2025-04-30T11:50:26.310+05:30  INFO 1272 --- [Foody] [restartedMain] com.example.foody.FoodyApplication       : Starting FoodyApplication using Java 21.0.7 with PID 1272 (E:\reactprojects\Food-Recipes\foody\target\classes started by anushalakshmi.s in E:\reactprojects\Food-Recipes\foody)
2025-04-30T11:50:26.311+05:30  INFO 1272 --- [Foody] [restartedMain] com.example.foody.FoodyApplication       : No active profile set, falling back to 1 default profile: "default"
2025-04-30T11:50:26.360+05:30  INFO 1272 --- [Foody] [restartedMain] .e.DevToolsPropertyDefaultsPostProcessor : Devtools property defaults active! Set 'spring.devtools.add-properties' to 'false' to disable
2025-04-30T11:50:26.360+05:30  INFO 1272 --- [Foody] [restartedMain] .e.DevToolsPropertyDefaultsPostProcessor : For additional web related logging consider setting the 'logging.level.web' property to 'DEBUG'
2025-04-30T11:50:26.849+05:30  INFO 1272 --- [Foody] [restartedMain] .s.d.r.c.RepositoryConfigurationDelegate : Bootstrapping Spring Data JPA repositories in DEFAULT mode.
2025-04-30T11:50:26.918+05:30  INFO 1272 --- [Foody] [restartedMain] .s.d.r.c.RepositoryConfigurationDelegate : Finished Spring Data repository scanning in 50 ms. Found 2 JPA repository interfaces.
2025-04-30T11:50:27.314+05:30  INFO 1272 --- [Foody] [restartedMain] o.s.b.w.embedded.tomcat.TomcatWebServer  : Tomcat initialized with port 8080 (http)
2025-04-30T11:50:27.330+05:30  INFO 1272 --- [Foody] [restartedMain] o.apache.catalina.core.StandardService   : Starting service [Tomcat]
2025-04-30T11:50:27.332+05:30  INFO 1272 --- [Foody] [restartedMain] o.apache.catalina.core.StandardEngine    : Starting Servlet engine: [Apache Tomcat/10.1.39]
2025-04-30T11:50:27.376+05:30  INFO 1272 --- [Foody] [restartedMain] o.a.c.c.C.[Tomcat].[localhost].[/]       : Initializing Spring embedded WebApplicationContext
2025-04-30T11:50:27.376+05:30  INFO 1272 --- [Foody] [restartedMain] w.s.c.ServletWebServerApplicationContext : Root WebApplicationContext: initialization completed in 1015 ms
2025-04-30T11:50:27.482+05:30  INFO 1272 --- [Foody] [restartedMain] o.hibernate.jpa.internal.util.LogHelper  : HHH000204: Processing PersistenceUnitInfo [name: default]
2025-04-30T11:50:27.544+05:30  INFO 1272 --- [Foody] [restartedMain] org.hibernate.Version                    : HHH000412: Hibernate ORM core version 6.6.11.Final
2025-04-30T11:50:27.571+05:30  INFO 1272 --- [Foody] [restartedMain] o.h.c.internal.RegionFactoryInitiator    : HHH000026: Second-level cache disabled
2025-04-30T11:50:27.785+05:30  INFO 1272 --- [Foody] [restartedMain] o.s.o.j.p.SpringPersistenceUnitInfo      : No LoadTimeWeaver setup: ignoring JPA class transformer
2025-04-30T11:50:27.823+05:30  INFO 1272 --- [Foody] [restartedMain] com.zaxxer.hikari.HikariDataSource       : HikariPool-1 - Starting...
2025-04-30T11:50:28.169+05:30  INFO 1272 --- [Foody] [restartedMain] com.zaxxer.hikari.pool.HikariPool        : HikariPool-1 - Added connection com.mysql.cj.jdbc.ConnectionImpl@6baaf640
2025-04-30T11:50:28.169+05:30  INFO 1272 --- [Foody] [restartedMain] com.zaxxer.hikari.HikariDataSource       : HikariPool-1 - Start completed.
2025-04-30T11:50:28.220+05:30  WARN 1272 --- [Foody] [restartedMain] org.hibernate.orm.deprecation            : HHH90000025: MySQL8Dialect does not need to be specified explicitly using 'hibernate.dialect' (remove the property setting and it will be selected by default)
2025-04-30T11:50:28.220+05:30  WARN 1272 --- [Foody] [restartedMain] org.hibernate.orm.deprecation            : HHH90000026: MySQL8Dialect has been deprecated; use org.hibernate.dialect.MySQLDialect instead
2025-04-30T11:50:28.239+05:30  INFO 1272 --- [Foody] [restartedMain] org.hibernate.orm.connections.pooling    : HHH10001005: Database info:
	Database JDBC URL [Connecting through datasource 'HikariDataSource (HikariPool-1)']
	Database driver: undefined/unknown
	Database version: 8.0
	Autocommit mode: undefined/unknown
	Isolation level: undefined/unknown
	Minimum pool size: undefined/unknown
	Maximum pool size: undefined/unknown
2025-04-30T11:50:28.935+05:30  INFO 1272 --- [Foody] [restartedMain] o.h.e.t.j.p.i.JtaPlatformInitiator       : HHH000489: No JTA platform available (set 'hibernate.transaction.jta.platform' to enable JTA platform integration)
2025-04-30T11:50:29.240+05:30  INFO 1272 --- [Foody] [restartedMain] j.LocalContainerEntityManagerFactoryBean : Initialized JPA EntityManagerFactory for persistence unit 'default'
2025-04-30T11:50:29.419+05:30  INFO 1272 --- [Foody] [restartedMain] o.s.d.j.r.query.QueryEnhancerFactory     : Hibernate is in classpath; If applicable, HQL parser will be used.
2025-04-30T11:50:29.888+05:30  WARN 1272 --- [Foody] [restartedMain] ConfigServletWebServerApplicationContext : Exception encountered during context initialization - cancelling refresh attempt: org.springframework.beans.factory.UnsatisfiedDependencyException: Error creating bean with name 'recipeController': Unsatisfied dependency expressed through field 'recipeService': Error creating bean with name 'recipeService' defined in file [E:\reactprojects\Food-Recipes\foody\target\classes\com\example\foody\service\RecipeService.class]: Unsatisfied dependency expressed through constructor parameter 0: Error creating bean with name 'viewRecipeRepository' defined in com.example.foody.repository.ViewRecipeRepository defined in @EnableJpaRepositories declared on JpaRepositoriesRegistrar.EnableJpaRepositoriesConfiguration: Could not create query for public abstract java.util.List com.example.foody.repository.ViewRecipeRepository.findTrendingRecipeIds(); Reason: Validation failed for query for method public abstract java.util.List com.example.foody.repository.ViewRecipeRepository.findTrendingRecipeIds()
2025-04-30T11:50:29.888+05:30  INFO 1272 --- [Foody] [restartedMain] j.LocalContainerEntityManagerFactoryBean : Closing JPA EntityManagerFactory for persistence unit 'default'
2025-04-30T11:50:29.888+05:30  INFO 1272 --- [Foody] [restartedMain] com.zaxxer.hikari.HikariDataSource       : HikariPool-1 - Shutdown initiated...
2025-04-30T11:50:29.903+05:30  INFO 1272 --- [Foody] [restartedMain] com.zaxxer.hikari.HikariDataSource       : HikariPool-1 - Shutdown completed.
2025-04-30T11:50:29.907+05:30  INFO 1272 --- [Foody] [restartedMain] o.apache.catalina.core.StandardService   : Stopping service [Tomcat]
2025-04-30T11:50:29.922+05:30  INFO 1272 --- [Foody] [restartedMain] .s.b.a.l.ConditionEvaluationReportLogger : 

Error starting ApplicationContext. To display the condition evaluation report re-run your application with 'debug' enabled.
2025-04-30T11:50:29.941+05:30 ERROR 1272 --- [Foody] [restartedMain] o.s.boot.SpringApplication               : Application run failed

org.springframework.beans.factory.UnsatisfiedDependencyException: Error creating bean with name 'recipeController': Unsatisfied dependency expressed through field 'recipeService': Error creating bean with name 'recipeService' defined in file [E:\reactprojects\Food-Recipes\foody\target\classes\com\example\foody\service\RecipeService.class]: Unsatisfied dependency expressed through constructor parameter 0: Error creating bean with name 'viewRecipeRepository' defined in com.example.foody.repository.ViewRecipeRepository defined in @EnableJpaRepositories declared on JpaRepositoriesRegistrar.EnableJpaRepositoriesConfiguration: Could not create query for public abstract java.util.List com.example.foody.repository.ViewRecipeRepository.findTrendingRecipeIds(); Reason: Validation failed for query for method public abstract java.util.List com.example.foody.repository.ViewRecipeRepository.findTrendingRecipeIds()
	at org.springframework.beans.factory.annotation.AutowiredAnnotationBeanPostProcessor$AutowiredFieldElement.resolveFieldValue(AutowiredAnnotationBeanPostProcessor.java:788) ~[spring-beans-6.2.5.jar:6.2.5]
	at org.springframework.beans.factory.annotation.AutowiredAnnotationBeanPostProcessor$AutowiredFieldElement.inject(AutowiredAnnotationBeanPostProcessor.java:768) ~[spring-beans-6.2.5.jar:6.2.5]
	at org.springframework.beans.factory.annotation.InjectionMetadata.inject(InjectionMetadata.java:146) ~[spring-beans-6.2.5.jar:6.2.5]
	at org.springframework.beans.factory.annotation.AutowiredAnnotationBeanPostProcessor.postProcessProperties(AutowiredAnnotationBeanPostProcessor.java:509) ~[spring-beans-6.2.5.jar:6.2.5]
	at org.springframework.beans.factory.support.AbstractAutowireCapableBeanFactory.populateBean(AbstractAutowireCapableBeanFactory.java:1445) ~[spring-beans-6.2.5.jar:6.2.5]
	at org.springframework.beans.factory.support.AbstractAutowireCapableBeanFactory.doCreateBean(AbstractAutowireCapableBeanFactory.java:600) ~[spring-beans-6.2.5.jar:6.2.5]
	at org.springframework.beans.factory.support.AbstractAutowireCapableBeanFactory.createBean(AbstractAutowireCapableBeanFactory.java:523) ~[spring-beans-6.2.5.jar:6.2.5]
	at org.springframework.beans.factory.support.AbstractBeanFactory.lambda$doGetBean$0(AbstractBeanFactory.java:339) ~[spring-beans-6.2.5.jar:6.2.5]
	at org.springframework.beans.factory.support.DefaultSingletonBeanRegistry.getSingleton(DefaultSingletonBeanRegistry.java:347) ~[spring-beans-6.2.5.jar:6.2.5]
	at org.springframework.beans.factory.support.AbstractBeanFactory.doGetBean(AbstractBeanFactory.java:337) ~[spring-beans-6.2.5.jar:6.2.5]
	at org.springframework.beans.factory.support.AbstractBeanFactory.getBean(AbstractBeanFactory.java:202) ~[spring-beans-6.2.5.jar:6.2.5]
	at org.springframework.beans.factory.support.DefaultListableBeanFactory.instantiateSingleton(DefaultListableBeanFactory.java:1155) ~[spring-beans-6.2.5.jar:6.2.5]
	at org.springframework.beans.factory.support.DefaultListableBeanFactory.preInstantiateSingleton(DefaultListableBeanFactory.java:1121) ~[spring-beans-6.2.5.jar:6.2.5]
	at org.springframework.beans.factory.support.DefaultListableBeanFactory.preInstantiateSingletons(DefaultListableBeanFactory.java:1056) ~[spring-beans-6.2.5.jar:6.2.5]
	at org.springframework.context.support.AbstractApplicationContext.finishBeanFactoryInitialization(AbstractApplicationContext.java:987) ~[spring-context-6.2.5.jar:6.2.5]
	at org.springframework.context.support.AbstractApplicationContext.refresh(AbstractApplicationContext.java:627) ~[spring-context-6.2.5.jar:6.2.5]
	at org.springframework.boot.web.servlet.context.ServletWebServerApplicationContext.refresh(ServletWebServerApplicationContext.java:146) ~[spring-boot-3.4.4.jar:3.4.4]
	at org.springframework.boot.SpringApplication.refresh(SpringApplication.java:752) ~[spring-boot-3.4.4.jar:3.4.4]
	at org.springframework.boot.SpringApplication.refreshContext(SpringApplication.java:439) ~[spring-boot-3.4.4.jar:3.4.4]
	at org.springframework.boot.SpringApplication.run(SpringApplication.java:318) ~[spring-boot-3.4.4.jar:3.4.4]
	at org.springframework.boot.SpringApplication.run(SpringApplication.java:1361) ~[spring-boot-3.4.4.jar:3.4.4]
	at org.springframework.boot.SpringApplication.run(SpringApplication.java:1350) ~[spring-boot-3.4.4.jar:3.4.4]
	at com.example.foody.FoodyApplication.main(FoodyApplication.java:10) ~[classes/:na]
	at java.base/jdk.internal.reflect.DirectMethodHandleAccessor.invoke(DirectMethodHandleAccessor.java:103) ~[na:na]
	at java.base/java.lang.reflect.Method.invoke(Method.java:580) ~[na:na]
	at org.springframework.boot.devtools.restart.RestartLauncher.run(RestartLauncher.java:50) ~[spring-boot-devtools-3.4.4.jar:3.4.4]
Caused by: org.springframework.beans.factory.UnsatisfiedDependencyException: Error creating bean with name 'recipeService' defined in file [E:\reactprojects\Food-Recipes\foody\target\classes\com\example\foody\service\RecipeService.class]: Unsatisfied dependency expressed through constructor parameter 0: Error creating bean with name 'viewRecipeRepository' defined in com.example.foody.repository.ViewRecipeRepository defined in @EnableJpaRepositories declared on JpaRepositoriesRegistrar.EnableJpaRepositoriesConfiguration: Could not create query for public abstract java.util.List com.example.foody.repository.ViewRecipeRepository.findTrendingRecipeIds(); Reason: Validation failed for query for method public abstract java.util.List com.example.foody.repository.ViewRecipeRepository.findTrendingRecipeIds()
	at org.springframework.beans.factory.support.ConstructorResolver.createArgumentArray(ConstructorResolver.java:804) ~[spring-beans-6.2.5.jar:6.2.5]
	at org.springframework.beans.factory.support.ConstructorResolver.autowireConstructor(ConstructorResolver.java:240) ~[spring-beans-6.2.5.jar:6.2.5]
	at org.springframework.beans.factory.support.AbstractAutowireCapableBeanFactory.autowireConstructor(AbstractAutowireCapableBeanFactory.java:1381) ~[spring-beans-6.2.5.jar:6.2.5]
	at org.springframework.beans.factory.support.AbstractAutowireCapableBeanFactory.createBeanInstance(AbstractAutowireCapableBeanFactory.java:1218) ~[spring-beans-6.2.5.jar:6.2.5]
	at org.springframework.beans.factory.support.AbstractAutowireCapableBeanFactory.doCreateBean(AbstractAutowireCapableBeanFactory.java:563) ~[spring-beans-6.2.5.jar:6.2.5]
	at org.springframework.beans.factory.support.AbstractAutowireCapableBeanFactory.createBean(AbstractAutowireCapableBeanFactory.java:523) ~[spring-beans-6.2.5.jar:6.2.5]
	at org.springframework.beans.factory.support.AbstractBeanFactory.lambda$doGetBean$0(AbstractBeanFactory.java:339) ~[spring-beans-6.2.5.jar:6.2.5]
	at org.springframework.beans.factory.support.DefaultSingletonBeanRegistry.getSingleton(DefaultSingletonBeanRegistry.java:347) ~[spring-beans-6.2.5.jar:6.2.5]
	at org.springframework.beans.factory.support.AbstractBeanFactory.doGetBean(AbstractBeanFactory.java:337) ~[spring-beans-6.2.5.jar:6.2.5]
	at org.springframework.beans.factory.support.AbstractBeanFactory.getBean(AbstractBeanFactory.java:202) ~[spring-beans-6.2.5.jar:6.2.5]
	at org.springframework.beans.factory.support.DefaultListableBeanFactory.doResolveDependency(DefaultListableBeanFactory.java:1609) ~[spring-beans-6.2.5.jar:6.2.5]
	at org.springframework.beans.factory.support.DefaultListableBeanFactory.resolveDependency(DefaultListableBeanFactory.java:1555) ~[spring-beans-6.2.5.jar:6.2.5]
	at org.springframework.beans.factory.annotation.AutowiredAnnotationBeanPostProcessor$AutowiredFieldElement.resolveFieldValue(AutowiredAnnotationBeanPostProcessor.java:785) ~[spring-beans-6.2.5.jar:6.2.5]
	... 25 common frames omitted
Caused by: org.springframework.beans.factory.BeanCreationException: Error creating bean with name 'viewRecipeRepository' defined in com.example.foody.repository.ViewRecipeRepository defined in @EnableJpaRepositories declared on JpaRepositoriesRegistrar.EnableJpaRepositoriesConfiguration: Could not create query for public abstract java.util.List com.example.foody.repository.ViewRecipeRepository.findTrendingRecipeIds(); Reason: Validation failed for query for method public abstract java.util.List com.example.foody.repository.ViewRecipeRepository.findTrendingRecipeIds()
	at org.springframework.beans.factory.support.AbstractAutowireCapableBeanFactory.initializeBean(AbstractAutowireCapableBeanFactory.java:1812) ~[spring-beans-6.2.5.jar:6.2.5]
	at org.springframework.beans.factory.support.AbstractAutowireCapableBeanFactory.doCreateBean(AbstractAutowireCapableBeanFactory.java:601) ~[spring-beans-6.2.5.jar:6.2.5]
	at org.springframework.beans.factory.support.AbstractAutowireCapableBeanFactory.createBean(AbstractAutowireCapableBeanFactory.java:523) ~[spring-beans-6.2.5.jar:6.2.5]
	at org.springframework.beans.factory.support.AbstractBeanFactory.lambda$doGetBean$0(AbstractBeanFactory.java:339) ~[spring-beans-6.2.5.jar:6.2.5]
	at org.springframework.beans.factory.support.DefaultSingletonBeanRegistry.getSingleton(DefaultSingletonBeanRegistry.java:347) ~[spring-beans-6.2.5.jar:6.2.5]
	at org.springframework.beans.factory.support.AbstractBeanFactory.doGetBean(AbstractBeanFactory.java:337) ~[spring-beans-6.2.5.jar:6.2.5]
	at org.springframework.beans.factory.support.AbstractBeanFactory.getBean(AbstractBeanFactory.java:202) ~[spring-beans-6.2.5.jar:6.2.5]
	at org.springframework.beans.factory.support.DefaultListableBeanFactory.doResolveDependency(DefaultListableBeanFactory.java:1609) ~[spring-beans-6.2.5.jar:6.2.5]
	at org.springframework.beans.factory.support.DefaultListableBeanFactory.resolveDependency(DefaultListableBeanFactory.java:1555) ~[spring-beans-6.2.5.jar:6.2.5]
	at org.springframework.beans.factory.support.ConstructorResolver.resolveAutowiredArgument(ConstructorResolver.java:913) ~[spring-beans-6.2.5.jar:6.2.5]
	at org.springframework.beans.factory.support.ConstructorResolver.createArgumentArray(ConstructorResolver.java:791) ~[spring-beans-6.2.5.jar:6.2.5]
	... 37 common frames omitted
Caused by: org.springframework.data.repository.query.QueryCreationException: Could not create query for public abstract java.util.List com.example.foody.repository.ViewRecipeRepository.findTrendingRecipeIds(); Reason: Validation failed for query for method public abstract java.util.List com.example.foody.repository.ViewRecipeRepository.findTrendingRecipeIds()
	at org.springframework.data.repository.query.QueryCreationException.create(QueryCreationException.java:101) ~[spring-data-commons-3.4.4.jar:3.4.4]
	at org.springframework.data.repository.core.support.QueryExecutorMethodInterceptor.lookupQuery(QueryExecutorMethodInterceptor.java:120) ~[spring-data-commons-3.4.4.jar:3.4.4]
	at org.springframework.data.repository.core.support.QueryExecutorMethodInterceptor.mapMethodsToQuery(QueryExecutorMethodInterceptor.java:104) ~[spring-data-commons-3.4.4.jar:3.4.4]
	at org.springframework.data.repository.core.support.QueryExecutorMethodInterceptor.lambda$new$0(QueryExecutorMethodInterceptor.java:92) ~[spring-data-commons-3.4.4.jar:3.4.4]
	at java.base/java.util.Optional.map(Optional.java:260) ~[na:na]
	at org.springframework.data.repository.core.support.QueryExecutorMethodInterceptor.<init>(QueryExecutorMethodInterceptor.java:92) ~[spring-data-commons-3.4.4.jar:3.4.4]
	at org.springframework.data.repository.core.support.RepositoryFactorySupport.getRepository(RepositoryFactorySupport.java:431) ~[spring-data-commons-3.4.4.jar:3.4.4]
	at org.springframework.data.repository.core.support.RepositoryFactoryBeanSupport.lambda$afterPropertiesSet$4(RepositoryFactoryBeanSupport.java:350) ~[spring-data-commons-3.4.4.jar:3.4.4]
	at org.springframework.data.util.Lazy.getNullable(Lazy.java:135) ~[spring-data-commons-3.4.4.jar:3.4.4]
	at org.springframework.data.util.Lazy.get(Lazy.java:113) ~[spring-data-commons-3.4.4.jar:3.4.4]
	at org.springframework.data.repository.core.support.RepositoryFactoryBeanSupport.afterPropertiesSet(RepositoryFactoryBeanSupport.java:356) ~[spring-data-commons-3.4.4.jar:3.4.4]
	at org.springframework.data.jpa.repository.support.JpaRepositoryFactoryBean.afterPropertiesSet(JpaRepositoryFactoryBean.java:132) ~[spring-data-jpa-3.4.4.jar:3.4.4]
	at org.springframework.beans.factory.support.AbstractAutowireCapableBeanFactory.invokeInitMethods(AbstractAutowireCapableBeanFactory.java:1859) ~[spring-beans-6.2.5.jar:6.2.5]
	at org.springframework.beans.factory.support.AbstractAutowireCapableBeanFactory.initializeBean(AbstractAutowireCapableBeanFactory.java:1808) ~[spring-beans-6.2.5.jar:6.2.5]
	... 47 common frames omitted
Caused by: java.lang.IllegalArgumentException: Validation failed for query for method public abstract java.util.List com.example.foody.repository.ViewRecipeRepository.findTrendingRecipeIds()
	at org.springframework.data.jpa.repository.query.SimpleJpaQuery.validateQuery(SimpleJpaQuery.java:97) ~[spring-data-jpa-3.4.4.jar:3.4.4]
	at org.springframework.data.jpa.repository.query.SimpleJpaQuery.<init>(SimpleJpaQuery.java:67) ~[spring-data-jpa-3.4.4.jar:3.4.4]
	at org.springframework.data.jpa.repository.query.JpaQueryFactory.fromMethodWithQueryString(JpaQueryFactory.java:49) ~[spring-data-jpa-3.4.4.jar:3.4.4]
	at org.springframework.data.jpa.repository.query.JpaQueryLookupStrategy$DeclaredQueryLookupStrategy.resolveQuery(JpaQueryLookupStrategy.java:174) ~[spring-data-jpa-3.4.4.jar:3.4.4]
	at org.springframework.data.jpa.repository.query.JpaQueryLookupStrategy$CreateIfNotFoundQueryLookupStrategy.resolveQuery(JpaQueryLookupStrategy.java:256) ~[spring-data-jpa-3.4.4.jar:3.4.4]
	at org.springframework.data.jpa.repository.query.JpaQueryLookupStrategy$AbstractQueryLookupStrategy.resolveQuery(JpaQueryLookupStrategy.java:99) ~[spring-data-jpa-3.4.4.jar:3.4.4]
	at org.springframework.data.repository.core.support.QueryExecutorMethodInterceptor.lookupQuery(QueryExecutorMethodInterceptor.java:116) ~[spring-data-commons-3.4.4.jar:3.4.4]
	... 59 common frames omitted
Caused by: java.lang.IllegalArgumentException: org.hibernate.query.SemanticException: Operand of - is of type 'java.lang.Integer' which is not a temporal amount (it is not an instance of 'java.time.TemporalAmount')
	at org.hibernate.internal.ExceptionConverterImpl.convert(ExceptionConverterImpl.java:143) ~[hibernate-core-6.6.11.Final.jar:6.6.11.Final]
	at org.hibernate.internal.ExceptionConverterImpl.convert(ExceptionConverterImpl.java:167) ~[hibernate-core-6.6.11.Final.jar:6.6.11.Final]
	at org.hibernate.internal.ExceptionConverterImpl.convert(ExceptionConverterImpl.java:173) ~[hibernate-core-6.6.11.Final.jar:6.6.11.Final]
	at org.hibernate.internal.AbstractSharedSessionContract.createQuery(AbstractSharedSessionContract.java:886) ~[hibernate-core-6.6.11.Final.jar:6.6.11.Final]
	at org.hibernate.internal.AbstractSharedSessionContract.createQuery(AbstractSharedSessionContract.java:796) ~[hibernate-core-6.6.11.Final.jar:6.6.11.Final]
	at org.hibernate.internal.AbstractSharedSessionContract.createQuery(AbstractSharedSessionContract.java:143) ~[hibernate-core-6.6.11.Final.jar:6.6.11.Final]
	at java.base/jdk.internal.reflect.DirectMethodHandleAccessor.invoke(DirectMethodHandleAccessor.java:103) ~[na:na]
	at java.base/java.lang.reflect.Method.invoke(Method.java:580) ~[na:na]
	at org.springframework.orm.jpa.ExtendedEntityManagerCreator$ExtendedEntityManagerInvocationHandler.invoke(ExtendedEntityManagerCreator.java:364) ~[spring-orm-6.2.5.jar:6.2.5]
	at jdk.proxy4/jdk.proxy4.$Proxy125.createQuery(Unknown Source) ~[na:na]
	at org.springframework.data.jpa.repository.query.SimpleJpaQuery.validateQuery(SimpleJpaQuery.java:91) ~[spring-data-jpa-3.4.4.jar:3.4.4]
	... 65 common frames omitted
Caused by: org.hibernate.query.SemanticException: Operand of - is of type 'java.lang.Integer' which is not a temporal amount (it is not an instance of 'java.time.TemporalAmount')
	at org.hibernate.query.sqm.internal.TypecheckUtil.assertOperable(TypecheckUtil.java:514) ~[hibernate-core-6.6.11.Final.jar:6.6.11.Final]
	at org.hibernate.query.hql.internal.SemanticQueryBuilder.visitAdditionExpression(SemanticQueryBuilder.java:3203) ~[hibernate-core-6.6.11.Final.jar:6.6.11.Final]
	at org.hibernate.grammars.hql.HqlParser$AdditionExpressionContext.accept(HqlParser.java:7682) ~[hibernate-core-6.6.11.Final.jar:6.6.11.Final]
	at org.hibernate.query.hql.internal.SemanticQueryBuilder.createComparisonPredicate(SemanticQueryBuilder.java:2549) ~[hibernate-core-6.6.11.Final.jar:6.6.11.Final]
	at org.hibernate.query.hql.internal.SemanticQueryBuilder.visitComparisonPredicate(SemanticQueryBuilder.java:2509) ~[hibernate-core-6.6.11.Final.jar:6.6.11.Final]
	at org.hibernate.query.hql.internal.SemanticQueryBuilder.visitComparisonPredicate(SemanticQueryBuilder.java:277) ~[hibernate-core-6.6.11.Final.jar:6.6.11.Final]
	at org.hibernate.grammars.hql.HqlParser$ComparisonPredicateContext.accept(HqlParser.java:6611) ~[hibernate-core-6.6.11.Final.jar:6.6.11.Final]
	at org.hibernate.query.hql.internal.SemanticQueryBuilder.visitWhereClause(SemanticQueryBuilder.java:2361) ~[hibernate-core-6.6.11.Final.jar:6.6.11.Final]
	at org.hibernate.query.hql.internal.SemanticQueryBuilder.visitWhereClause(SemanticQueryBuilder.java:277) ~[hibernate-core-6.6.11.Final.jar:6.6.11.Final]
	at org.hibernate.grammars.hql.HqlParser$WhereClauseContext.accept(HqlParser.java:6302) ~[hibernate-core-6.6.11.Final.jar:6.6.11.Final]
	at org.hibernate.query.hql.internal.SemanticQueryBuilder.visitQuery(SemanticQueryBuilder.java:1259) ~[hibernate-core-6.6.11.Final.jar:6.6.11.Final]
	at org.hibernate.query.hql.internal.SemanticQueryBuilder.visitQuerySpecExpression(SemanticQueryBuilder.java:1040) ~[hibernate-core-6.6.11.Final.jar:6.6.11.Final]
	at org.hibernate.query.hql.internal.SemanticQueryBuilder.visitQuerySpecExpression(SemanticQueryBuilder.java:277) ~[hibernate-core-6.6.11.Final.jar:6.6.11.Final]
	at org.hibernate.grammars.hql.HqlParser$QuerySpecExpressionContext.accept(HqlParser.java:2134) ~[hibernate-core-6.6.11.Final.jar:6.6.11.Final]
	at org.hibernate.query.hql.internal.SemanticQueryBuilder.visitSimpleQueryGroup(SemanticQueryBuilder.java:1025) ~[hibernate-core-6.6.11.Final.jar:6.6.11.Final]
	at org.hibernate.query.hql.internal.SemanticQueryBuilder.visitSimpleQueryGroup(SemanticQueryBuilder.java:277) ~[hibernate-core-6.6.11.Final.jar:6.6.11.Final]
	at org.hibernate.grammars.hql.HqlParser$SimpleQueryGroupContext.accept(HqlParser.java:2005) ~[hibernate-core-6.6.11.Final.jar:6.6.11.Final]
	at org.hibernate.query.hql.internal.SemanticQueryBuilder.visitSelectStatement(SemanticQueryBuilder.java:492) ~[hibernate-core-6.6.11.Final.jar:6.6.11.Final]
	at org.hibernate.query.hql.internal.SemanticQueryBuilder.visitStatement(SemanticQueryBuilder.java:451) ~[hibernate-core-6.6.11.Final.jar:6.6.11.Final]
	at org.hibernate.query.hql.internal.SemanticQueryBuilder.buildSemanticModel(SemanticQueryBuilder.java:324) ~[hibernate-core-6.6.11.Final.jar:6.6.11.Final]
	at org.hibernate.query.hql.internal.StandardHqlTranslator.translate(StandardHqlTranslator.java:71) ~[hibernate-core-6.6.11.Final.jar:6.6.11.Final]
	at org.hibernate.query.internal.QueryInterpretationCacheStandardImpl.createHqlInterpretation(QueryInterpretationCacheStandardImpl.java:145) ~[hibernate-core-6.6.11.Final.jar:6.6.11.Final]
	at org.hibernate.query.internal.QueryInterpretationCacheStandardImpl.resolveHqlInterpretation(QueryInterpretationCacheStandardImpl.java:132) ~[hibernate-core-6.6.11.Final.jar:6.6.11.Final]
	at org.hibernate.query.spi.QueryEngine.interpretHql(QueryEngine.java:54) ~[hibernate-core-6.6.11.Final.jar:6.6.11.Final]
	at org.hibernate.internal.AbstractSharedSessionContract.interpretHql(AbstractSharedSessionContract.java:832) ~[hibernate-core-6.6.11.Final.jar:6.6.11.Final]
	at org.hibernate.internal.AbstractSharedSessionContract.createQuery(AbstractSharedSessionContract.java:878) ~[hibernate-core-6.6.11.Final.jar:6.6.11.Final]
	... 72 common frames omitted

2025-04-30T11:54:19.981+05:30  INFO 25264 --- [Foody] [restartedMain] com.example.foody.FoodyApplication       : Starting FoodyApplication using Java 21.0.7 with PID 25264 (E:\reactprojects\Food-Recipes\foody\target\classes started by anushalakshmi.s in E:\reactprojects\Food-Recipes\foody)
2025-04-30T11:54:19.982+05:30  INFO 25264 --- [Foody] [restartedMain] com.example.foody.FoodyApplication       : No active profile set, falling back to 1 default profile: "default"
2025-04-30T11:54:20.019+05:30  INFO 25264 --- [Foody] [restartedMain] .e.DevToolsPropertyDefaultsPostProcessor : Devtools property defaults active! Set 'spring.devtools.add-properties' to 'false' to disable
2025-04-30T11:54:20.019+05:30  INFO 25264 --- [Foody] [restartedMain] .e.DevToolsPropertyDefaultsPostProcessor : For additional web related logging consider setting the 'logging.level.web' property to 'DEBUG'
2025-04-30T11:54:20.458+05:30  INFO 25264 --- [Foody] [restartedMain] .s.d.r.c.RepositoryConfigurationDelegate : Bootstrapping Spring Data JPA repositories in DEFAULT mode.
2025-04-30T11:54:20.503+05:30  INFO 25264 --- [Foody] [restartedMain] .s.d.r.c.RepositoryConfigurationDelegate : Finished Spring Data repository scanning in 37 ms. Found 2 JPA repository interfaces.
2025-04-30T11:54:20.848+05:30  INFO 25264 --- [Foody] [restartedMain] o.s.b.w.embedded.tomcat.TomcatWebServer  : Tomcat initialized with port 8080 (http)
2025-04-30T11:54:20.864+05:30  INFO 25264 --- [Foody] [restartedMain] o.apache.catalina.core.StandardService   : Starting service [Tomcat]
2025-04-30T11:54:20.864+05:30  INFO 25264 --- [Foody] [restartedMain] o.apache.catalina.core.StandardEngine    : Starting Servlet engine: [Apache Tomcat/10.1.39]
2025-04-30T11:54:20.914+05:30  INFO 25264 --- [Foody] [restartedMain] o.a.c.c.C.[Tomcat].[localhost].[/]       : Initializing Spring embedded WebApplicationContext
2025-04-30T11:54:20.915+05:30  INFO 25264 --- [Foody] [restartedMain] w.s.c.ServletWebServerApplicationContext : Root WebApplicationContext: initialization completed in 893 ms
2025-04-30T11:54:21.001+05:30  INFO 25264 --- [Foody] [restartedMain] o.hibernate.jpa.internal.util.LogHelper  : HHH000204: Processing PersistenceUnitInfo [name: default]
2025-04-30T11:54:21.043+05:30  INFO 25264 --- [Foody] [restartedMain] org.hibernate.Version                    : HHH000412: Hibernate ORM core version 6.6.11.Final
2025-04-30T11:54:21.063+05:30  INFO 25264 --- [Foody] [restartedMain] o.h.c.internal.RegionFactoryInitiator    : HHH000026: Second-level cache disabled
2025-04-30T11:54:21.230+05:30  INFO 25264 --- [Foody] [restartedMain] o.s.o.j.p.SpringPersistenceUnitInfo      : No LoadTimeWeaver setup: ignoring JPA class transformer
2025-04-30T11:54:21.249+05:30  INFO 25264 --- [Foody] [restartedMain] com.zaxxer.hikari.HikariDataSource       : HikariPool-1 - Starting...
2025-04-30T11:54:21.466+05:30  INFO 25264 --- [Foody] [restartedMain] com.zaxxer.hikari.pool.HikariPool        : HikariPool-1 - Added connection com.mysql.cj.jdbc.ConnectionImpl@2fa1b59e
2025-04-30T11:54:21.466+05:30  INFO 25264 --- [Foody] [restartedMain] com.zaxxer.hikari.HikariDataSource       : HikariPool-1 - Start completed.
2025-04-30T11:54:21.518+05:30  WARN 25264 --- [Foody] [restartedMain] org.hibernate.orm.deprecation            : HHH90000025: MySQL8Dialect does not need to be specified explicitly using 'hibernate.dialect' (remove the property setting and it will be selected by default)
2025-04-30T11:54:21.519+05:30  WARN 25264 --- [Foody] [restartedMain] org.hibernate.orm.deprecation            : HHH90000026: MySQL8Dialect has been deprecated; use org.hibernate.dialect.MySQLDialect instead
2025-04-30T11:54:21.531+05:30  INFO 25264 --- [Foody] [restartedMain] org.hibernate.orm.connections.pooling    : HHH10001005: Database info:
	Database JDBC URL [Connecting through datasource 'HikariDataSource (HikariPool-1)']
	Database driver: undefined/unknown
	Database version: 8.0
	Autocommit mode: undefined/unknown
	Isolation level: undefined/unknown
	Minimum pool size: undefined/unknown
	Maximum pool size: undefined/unknown
2025-04-30T11:54:22.105+05:30  INFO 25264 --- [Foody] [restartedMain] o.h.e.t.j.p.i.JtaPlatformInitiator       : HHH000489: No JTA platform available (set 'hibernate.transaction.jta.platform' to enable JTA platform integration)
2025-04-30T11:54:22.155+05:30  INFO 25264 --- [Foody] [restartedMain] j.LocalContainerEntityManagerFactoryBean : Initialized JPA EntityManagerFactory for persistence unit 'default'
2025-04-30T11:54:22.294+05:30  INFO 25264 --- [Foody] [restartedMain] o.s.d.j.r.query.QueryEnhancerFactory     : Hibernate is in classpath; If applicable, HQL parser will be used.
2025-04-30T11:54:22.910+05:30  WARN 25264 --- [Foody] [restartedMain] JpaBaseConfiguration$JpaWebConfiguration : spring.jpa.open-in-view is enabled by default. Therefore, database queries may be performed during view rendering. Explicitly configure spring.jpa.open-in-view to disable this warning
2025-04-30T11:54:23.315+05:30  INFO 25264 --- [Foody] [restartedMain] o.s.b.d.a.OptionalLiveReloadServer       : LiveReload server is running on port 35729
2025-04-30T11:54:23.355+05:30  INFO 25264 --- [Foody] [restartedMain] o.s.b.w.embedded.tomcat.TomcatWebServer  : Tomcat started on port 8080 (http) with context path '/'
2025-04-30T11:54:23.359+05:30  INFO 25264 --- [Foody] [restartedMain] com.example.foody.FoodyApplication       : Started FoodyApplication in 3.698 seconds (process running for 3.987)
2025-04-30T11:54:34.789+05:30  INFO 25264 --- [Foody] [http-nio-8080-exec-1] o.a.c.c.C.[Tomcat].[localhost].[/]       : Initializing Spring DispatcherServlet 'dispatcherServlet'
2025-04-30T11:54:34.792+05:30  INFO 25264 --- [Foody] [http-nio-8080-exec-1] o.s.web.servlet.DispatcherServlet        : Initializing Servlet 'dispatcherServlet'
2025-04-30T11:54:34.796+05:30  INFO 25264 --- [Foody] [http-nio-8080-exec-1] o.s.web.servlet.DispatcherServlet        : Completed initialization in 2 ms
2025-04-30T11:57:55.905+05:30  INFO 25264 --- [Foody] [File Watcher] rtingClassPathChangeChangedEventListener : Restarting due to 1 class path change (0 additions, 0 deletions, 1 modification)
2025-04-30T11:57:55.905+05:30  INFO 25264 --- [Foody] [Thread-5] o.s.b.w.e.tomcat.GracefulShutdown        : Commencing graceful shutdown. Waiting for active requests to complete
2025-04-30T11:57:55.910+05:30  INFO 25264 --- [Foody] [tomcat-shutdown] o.s.b.w.e.tomcat.GracefulShutdown        : Graceful shutdown complete
2025-04-30T11:57:55.920+05:30  INFO 25264 --- [Foody] [Thread-5] j.LocalContainerEntityManagerFactoryBean : Closing JPA EntityManagerFactory for persistence unit 'default'
2025-04-30T11:57:55.923+05:30  INFO 25264 --- [Foody] [Thread-5] com.zaxxer.hikari.HikariDataSource       : HikariPool-1 - Shutdown initiated...
2025-04-30T11:57:55.932+05:30  INFO 25264 --- [Foody] [Thread-5] com.zaxxer.hikari.HikariDataSource       : HikariPool-1 - Shutdown completed.
2025-04-30T11:57:56.000+05:30  INFO 25264 --- [Foody] [restartedMain] com.example.foody.FoodyApplication       : Starting FoodyApplication using Java 21.0.7 with PID 25264 (E:\reactprojects\Food-Recipes\foody\target\classes started by anushalakshmi.s in E:\reactprojects\Food-Recipes\foody)
2025-04-30T11:57:56.000+05:30  INFO 25264 --- [Foody] [restartedMain] com.example.foody.FoodyApplication       : No active profile set, falling back to 1 default profile: "default"
2025-04-30T11:57:56.119+05:30  INFO 25264 --- [Foody] [restartedMain] .s.d.r.c.RepositoryConfigurationDelegate : Bootstrapping Spring Data JPA repositories in DEFAULT mode.
2025-04-30T11:57:56.126+05:30  INFO 25264 --- [Foody] [restartedMain] .s.d.r.c.RepositoryConfigurationDelegate : Finished Spring Data repository scanning in 5 ms. Found 2 JPA repository interfaces.
2025-04-30T11:57:56.174+05:30  INFO 25264 --- [Foody] [restartedMain] o.s.b.w.embedded.tomcat.TomcatWebServer  : Tomcat initialized with port 8080 (http)
2025-04-30T11:57:56.174+05:30  INFO 25264 --- [Foody] [restartedMain] o.apache.catalina.core.StandardService   : Starting service [Tomcat]
2025-04-30T11:57:56.174+05:30  INFO 25264 --- [Foody] [restartedMain] o.apache.catalina.core.StandardEngine    : Starting Servlet engine: [Apache Tomcat/10.1.39]
2025-04-30T11:57:56.196+05:30  INFO 25264 --- [Foody] [restartedMain] o.a.c.c.C.[Tomcat].[localhost].[/]       : Initializing Spring embedded WebApplicationContext
2025-04-30T11:57:56.196+05:30  INFO 25264 --- [Foody] [restartedMain] w.s.c.ServletWebServerApplicationContext : Root WebApplicationContext: initialization completed in 195 ms
2025-04-30T11:57:56.225+05:30  INFO 25264 --- [Foody] [restartedMain] o.hibernate.jpa.internal.util.LogHelper  : HHH000204: Processing PersistenceUnitInfo [name: default]
2025-04-30T11:57:56.226+05:30  INFO 25264 --- [Foody] [restartedMain] o.h.c.internal.RegionFactoryInitiator    : HHH000026: Second-level cache disabled
2025-04-30T11:57:56.230+05:30  INFO 25264 --- [Foody] [restartedMain] o.s.o.j.p.SpringPersistenceUnitInfo      : No LoadTimeWeaver setup: ignoring JPA class transformer
2025-04-30T11:57:56.230+05:30  INFO 25264 --- [Foody] [restartedMain] com.zaxxer.hikari.HikariDataSource       : HikariPool-2 - Starting...
2025-04-30T11:57:56.248+05:30  INFO 25264 --- [Foody] [restartedMain] com.zaxxer.hikari.pool.HikariPool        : HikariPool-2 - Added connection com.mysql.cj.jdbc.ConnectionImpl@55fdd09d
2025-04-30T11:57:56.249+05:30  INFO 25264 --- [Foody] [restartedMain] com.zaxxer.hikari.HikariDataSource       : HikariPool-2 - Start completed.
2025-04-30T11:57:56.250+05:30  WARN 25264 --- [Foody] [restartedMain] org.hibernate.orm.deprecation            : HHH90000025: MySQL8Dialect does not need to be specified explicitly using 'hibernate.dialect' (remove the property setting and it will be selected by default)
2025-04-30T11:57:56.251+05:30  WARN 25264 --- [Foody] [restartedMain] org.hibernate.orm.deprecation            : HHH90000026: MySQL8Dialect has been deprecated; use org.hibernate.dialect.MySQLDialect instead
2025-04-30T11:57:56.251+05:30  INFO 25264 --- [Foody] [restartedMain] org.hibernate.orm.connections.pooling    : HHH10001005: Database info:
	Database JDBC URL [Connecting through datasource 'HikariDataSource (HikariPool-2)']
	Database driver: undefined/unknown
	Database version: 8.0
	Autocommit mode: undefined/unknown
	Isolation level: undefined/unknown
	Minimum pool size: undefined/unknown
	Maximum pool size: undefined/unknown
2025-04-30T11:57:56.298+05:30  INFO 25264 --- [Foody] [restartedMain] o.h.e.t.j.p.i.JtaPlatformInitiator       : HHH000489: No JTA platform available (set 'hibernate.transaction.jta.platform' to enable JTA platform integration)
2025-04-30T11:57:56.320+05:30  INFO 25264 --- [Foody] [restartedMain] j.LocalContainerEntityManagerFactoryBean : Initialized JPA EntityManagerFactory for persistence unit 'default'
2025-04-30T11:57:56.385+05:30  WARN 25264 --- [Foody] [restartedMain] JpaBaseConfiguration$JpaWebConfiguration : spring.jpa.open-in-view is enabled by default. Therefore, database queries may be performed during view rendering. Explicitly configure spring.jpa.open-in-view to disable this warning
2025-04-30T11:57:56.546+05:30  INFO 25264 --- [Foody] [restartedMain] o.s.b.d.a.OptionalLiveReloadServer       : LiveReload server is running on port 35729
2025-04-30T11:57:56.547+05:30  INFO 25264 --- [Foody] [restartedMain] o.s.b.w.embedded.tomcat.TomcatWebServer  : Tomcat started on port 8080 (http) with context path '/'
2025-04-30T11:57:56.555+05:30  INFO 25264 --- [Foody] [restartedMain] com.example.foody.FoodyApplication       : Started FoodyApplication in 0.572 seconds (process running for 217.181)
2025-04-30T11:57:56.557+05:30  INFO 25264 --- [Foody] [restartedMain] .ConditionEvaluationDeltaLoggingListener : Condition evaluation unchanged
2025-04-30T11:58:12.232+05:30  INFO 25264 --- [Foody] [http-nio-8080-exec-1] o.a.c.c.C.[Tomcat].[localhost].[/]       : Initializing Spring DispatcherServlet 'dispatcherServlet'
2025-04-30T11:58:12.234+05:30  INFO 25264 --- [Foody] [http-nio-8080-exec-1] o.s.web.servlet.DispatcherServlet        : Initializing Servlet 'dispatcherServlet'
2025-04-30T11:58:12.239+05:30  INFO 25264 --- [Foody] [http-nio-8080-exec-1] o.s.web.servlet.DispatcherServlet        : Completed initialization in 2 ms
2025-04-30T12:03:05.669+05:30  INFO 25264 --- [Foody] [File Watcher] rtingClassPathChangeChangedEventListener : Restarting due to 1 class path change (0 additions, 0 deletions, 1 modification)
2025-04-30T12:03:05.669+05:30  INFO 25264 --- [Foody] [Thread-7] o.s.b.w.e.tomcat.GracefulShutdown        : Commencing graceful shutdown. Waiting for active requests to complete
2025-04-30T12:03:05.693+05:30  INFO 25264 --- [Foody] [tomcat-shutdown] o.s.b.w.e.tomcat.GracefulShutdown        : Graceful shutdown complete
2025-04-30T12:03:05.695+05:30  INFO 25264 --- [Foody] [Thread-7] j.LocalContainerEntityManagerFactoryBean : Closing JPA EntityManagerFactory for persistence unit 'default'
2025-04-30T12:03:05.697+05:30  INFO 25264 --- [Foody] [Thread-7] com.zaxxer.hikari.HikariDataSource       : HikariPool-2 - Shutdown initiated...
2025-04-30T12:03:05.703+05:30  INFO 25264 --- [Foody] [Thread-7] com.zaxxer.hikari.HikariDataSource       : HikariPool-2 - Shutdown completed.
2025-04-30T12:03:05.763+05:30  INFO 25264 --- [Foody] [restartedMain] com.example.foody.FoodyApplication       : Starting FoodyApplication using Java 21.0.7 with PID 25264 (E:\reactprojects\Food-Recipes\foody\target\classes started by anushalakshmi.s in E:\reactprojects\Food-Recipes\foody)
2025-04-30T12:03:05.763+05:30  INFO 25264 --- [Foody] [restartedMain] com.example.foody.FoodyApplication       : No active profile set, falling back to 1 default profile: "default"
2025-04-30T12:03:05.865+05:30  INFO 25264 --- [Foody] [restartedMain] .s.d.r.c.RepositoryConfigurationDelegate : Bootstrapping Spring Data JPA repositories in DEFAULT mode.
2025-04-30T12:03:05.865+05:30  INFO 25264 --- [Foody] [restartedMain] .s.d.r.c.RepositoryConfigurationDelegate : Finished Spring Data repository scanning in 4 ms. Found 2 JPA repository interfaces.
2025-04-30T12:03:05.922+05:30  INFO 25264 --- [Foody] [restartedMain] o.s.b.w.embedded.tomcat.TomcatWebServer  : Tomcat initialized with port 8080 (http)
2025-04-30T12:03:05.922+05:30  INFO 25264 --- [Foody] [restartedMain] o.apache.catalina.core.StandardService   : Starting service [Tomcat]
2025-04-30T12:03:05.923+05:30  INFO 25264 --- [Foody] [restartedMain] o.apache.catalina.core.StandardEngine    : Starting Servlet engine: [Apache Tomcat/10.1.39]
2025-04-30T12:03:05.927+05:30  INFO 25264 --- [Foody] [restartedMain] o.a.c.c.C.[Tomcat].[localhost].[/]       : Initializing Spring embedded WebApplicationContext
2025-04-30T12:03:05.927+05:30  INFO 25264 --- [Foody] [restartedMain] w.s.c.ServletWebServerApplicationContext : Root WebApplicationContext: initialization completed in 164 ms
2025-04-30T12:03:05.955+05:30  INFO 25264 --- [Foody] [restartedMain] o.hibernate.jpa.internal.util.LogHelper  : HHH000204: Processing PersistenceUnitInfo [name: default]
2025-04-30T12:03:05.955+05:30  INFO 25264 --- [Foody] [restartedMain] o.h.c.internal.RegionFactoryInitiator    : HHH000026: Second-level cache disabled
2025-04-30T12:03:05.964+05:30  INFO 25264 --- [Foody] [restartedMain] o.s.o.j.p.SpringPersistenceUnitInfo      : No LoadTimeWeaver setup: ignoring JPA class transformer
2025-04-30T12:03:05.965+05:30  INFO 25264 --- [Foody] [restartedMain] com.zaxxer.hikari.HikariDataSource       : HikariPool-3 - Starting...
2025-04-30T12:03:05.976+05:30  INFO 25264 --- [Foody] [restartedMain] com.zaxxer.hikari.pool.HikariPool        : HikariPool-3 - Added connection com.mysql.cj.jdbc.ConnectionImpl@17c4690b
2025-04-30T12:03:05.976+05:30  INFO 25264 --- [Foody] [restartedMain] com.zaxxer.hikari.HikariDataSource       : HikariPool-3 - Start completed.
2025-04-30T12:03:05.976+05:30  WARN 25264 --- [Foody] [restartedMain] org.hibernate.orm.deprecation            : HHH90000025: MySQL8Dialect does not need to be specified explicitly using 'hibernate.dialect' (remove the property setting and it will be selected by default)
2025-04-30T12:03:05.976+05:30  WARN 25264 --- [Foody] [restartedMain] org.hibernate.orm.deprecation            : HHH90000026: MySQL8Dialect has been deprecated; use org.hibernate.dialect.MySQLDialect instead
2025-04-30T12:03:05.976+05:30  INFO 25264 --- [Foody] [restartedMain] org.hibernate.orm.connections.pooling    : HHH10001005: Database info:
	Database JDBC URL [Connecting through datasource 'HikariDataSource (HikariPool-3)']
	Database driver: undefined/unknown
	Database version: 8.0
	Autocommit mode: undefined/unknown
	Isolation level: undefined/unknown
	Minimum pool size: undefined/unknown
	Maximum pool size: undefined/unknown
2025-04-30T12:03:06.025+05:30  INFO 25264 --- [Foody] [restartedMain] o.h.e.t.j.p.i.JtaPlatformInitiator       : HHH000489: No JTA platform available (set 'hibernate.transaction.jta.platform' to enable JTA platform integration)
2025-04-30T12:03:06.047+05:30  INFO 25264 --- [Foody] [restartedMain] j.LocalContainerEntityManagerFactoryBean : Initialized JPA EntityManagerFactory for persistence unit 'default'
2025-04-30T12:03:06.105+05:30  WARN 25264 --- [Foody] [restartedMain] JpaBaseConfiguration$JpaWebConfiguration : spring.jpa.open-in-view is enabled by default. Therefore, database queries may be performed during view rendering. Explicitly configure spring.jpa.open-in-view to disable this warning
2025-04-30T12:03:06.274+05:30  INFO 25264 --- [Foody] [restartedMain] o.s.b.d.a.OptionalLiveReloadServer       : LiveReload server is running on port 35729
2025-04-30T12:03:06.281+05:30  INFO 25264 --- [Foody] [restartedMain] o.s.b.w.embedded.tomcat.TomcatWebServer  : Tomcat started on port 8080 (http) with context path '/'
2025-04-30T12:03:06.284+05:30  INFO 25264 --- [Foody] [restartedMain] com.example.foody.FoodyApplication       : Started FoodyApplication in 0.535 seconds (process running for 526.91)
2025-04-30T12:03:06.285+05:30  INFO 25264 --- [Foody] [restartedMain] .ConditionEvaluationDeltaLoggingListener : Condition evaluation unchanged
2025-04-30T12:04:08.542+05:30  INFO 25264 --- [Foody] [File Watcher] rtingClassPathChangeChangedEventListener : Restarting due to 1 class path change (0 additions, 0 deletions, 1 modification)
2025-04-30T12:04:08.542+05:30  INFO 25264 --- [Foody] [Thread-11] o.s.b.w.e.tomcat.GracefulShutdown        : Commencing graceful shutdown. Waiting for active requests to complete
2025-04-30T12:04:08.565+05:30  INFO 25264 --- [Foody] [tomcat-shutdown] o.s.b.w.e.tomcat.GracefulShutdown        : Graceful shutdown complete
2025-04-30T12:04:08.565+05:30  INFO 25264 --- [Foody] [Thread-11] j.LocalContainerEntityManagerFactoryBean : Closing JPA EntityManagerFactory for persistence unit 'default'
2025-04-30T12:04:08.570+05:30  INFO 25264 --- [Foody] [Thread-11] com.zaxxer.hikari.HikariDataSource       : HikariPool-3 - Shutdown initiated...
2025-04-30T12:04:08.588+05:30  INFO 25264 --- [Foody] [Thread-11] com.zaxxer.hikari.HikariDataSource       : HikariPool-3 - Shutdown completed.
2025-04-30T12:04:08.649+05:30  INFO 25264 --- [Foody] [restartedMain] com.example.foody.FoodyApplication       : Starting FoodyApplication using Java 21.0.7 with PID 25264 (E:\reactprojects\Food-Recipes\foody\target\classes started by anushalakshmi.s in E:\reactprojects\Food-Recipes\foody)
2025-04-30T12:04:08.649+05:30  INFO 25264 --- [Foody] [restartedMain] com.example.foody.FoodyApplication       : No active profile set, falling back to 1 default profile: "default"
2025-04-30T12:04:08.739+05:30  INFO 25264 --- [Foody] [restartedMain] .s.d.r.c.RepositoryConfigurationDelegate : Bootstrapping Spring Data JPA repositories in DEFAULT mode.
2025-04-30T12:04:08.755+05:30  INFO 25264 --- [Foody] [restartedMain] .s.d.r.c.RepositoryConfigurationDelegate : Finished Spring Data repository scanning in 4 ms. Found 2 JPA repository interfaces.
2025-04-30T12:04:08.801+05:30  INFO 25264 --- [Foody] [restartedMain] o.s.b.w.embedded.tomcat.TomcatWebServer  : Tomcat initialized with port 8080 (http)
2025-04-30T12:04:08.801+05:30  INFO 25264 --- [Foody] [restartedMain] o.apache.catalina.core.StandardService   : Starting service [Tomcat]
2025-04-30T12:04:08.801+05:30  INFO 25264 --- [Foody] [restartedMain] o.apache.catalina.core.StandardEngine    : Starting Servlet engine: [Apache Tomcat/10.1.39]
2025-04-30T12:04:08.801+05:30  INFO 25264 --- [Foody] [restartedMain] o.a.c.c.C.[Tomcat].[localhost].[/]       : Initializing Spring embedded WebApplicationContext
2025-04-30T12:04:08.801+05:30  INFO 25264 --- [Foody] [restartedMain] w.s.c.ServletWebServerApplicationContext : Root WebApplicationContext: initialization completed in 145 ms
2025-04-30T12:04:08.836+05:30  INFO 25264 --- [Foody] [restartedMain] o.hibernate.jpa.internal.util.LogHelper  : HHH000204: Processing PersistenceUnitInfo [name: default]
2025-04-30T12:04:08.837+05:30  INFO 25264 --- [Foody] [restartedMain] o.h.c.internal.RegionFactoryInitiator    : HHH000026: Second-level cache disabled
2025-04-30T12:04:08.843+05:30  INFO 25264 --- [Foody] [restartedMain] o.s.o.j.p.SpringPersistenceUnitInfo      : No LoadTimeWeaver setup: ignoring JPA class transformer
2025-04-30T12:04:08.843+05:30  INFO 25264 --- [Foody] [restartedMain] com.zaxxer.hikari.HikariDataSource       : HikariPool-4 - Starting...
2025-04-30T12:04:08.852+05:30  INFO 25264 --- [Foody] [restartedMain] com.zaxxer.hikari.pool.HikariPool        : HikariPool-4 - Added connection com.mysql.cj.jdbc.ConnectionImpl@2921f794
2025-04-30T12:04:08.852+05:30  INFO 25264 --- [Foody] [restartedMain] com.zaxxer.hikari.HikariDataSource       : HikariPool-4 - Start completed.
2025-04-30T12:04:08.852+05:30  WARN 25264 --- [Foody] [restartedMain] org.hibernate.orm.deprecation            : HHH90000025: MySQL8Dialect does not need to be specified explicitly using 'hibernate.dialect' (remove the property setting and it will be selected by default)
2025-04-30T12:04:08.852+05:30  WARN 25264 --- [Foody] [restartedMain] org.hibernate.orm.deprecation            : HHH90000026: MySQL8Dialect has been deprecated; use org.hibernate.dialect.MySQLDialect instead
2025-04-30T12:04:08.852+05:30  INFO 25264 --- [Foody] [restartedMain] org.hibernate.orm.connections.pooling    : HHH10001005: Database info:
	Database JDBC URL [Connecting through datasource 'HikariDataSource (HikariPool-4)']
	Database driver: undefined/unknown
	Database version: 8.0
	Autocommit mode: undefined/unknown
	Isolation level: undefined/unknown
	Minimum pool size: undefined/unknown
	Maximum pool size: undefined/unknown
2025-04-30T12:04:08.894+05:30  INFO 25264 --- [Foody] [restartedMain] o.h.e.t.j.p.i.JtaPlatformInitiator       : HHH000489: No JTA platform available (set 'hibernate.transaction.jta.platform' to enable JTA platform integration)
2025-04-30T12:04:08.920+05:30  INFO 25264 --- [Foody] [restartedMain] j.LocalContainerEntityManagerFactoryBean : Initialized JPA EntityManagerFactory for persistence unit 'default'
2025-04-30T12:04:08.960+05:30  WARN 25264 --- [Foody] [restartedMain] JpaBaseConfiguration$JpaWebConfiguration : spring.jpa.open-in-view is enabled by default. Therefore, database queries may be performed during view rendering. Explicitly configure spring.jpa.open-in-view to disable this warning
2025-04-30T12:04:09.094+05:30  INFO 25264 --- [Foody] [restartedMain] o.s.b.d.a.OptionalLiveReloadServer       : LiveReload server is running on port 35729
2025-04-30T12:04:09.109+05:30  INFO 25264 --- [Foody] [restartedMain] o.s.b.w.embedded.tomcat.TomcatWebServer  : Tomcat started on port 8080 (http) with context path '/'
2025-04-30T12:04:09.112+05:30  INFO 25264 --- [Foody] [restartedMain] com.example.foody.FoodyApplication       : Started FoodyApplication in 0.48 seconds (process running for 589.739)
2025-04-30T12:04:09.113+05:30  INFO 25264 --- [Foody] [restartedMain] .ConditionEvaluationDeltaLoggingListener : Condition evaluation unchanged
2025-04-30T12:04:24.423+05:30  INFO 25264 --- [Foody] [http-nio-8080-exec-1] o.a.c.c.C.[Tomcat].[localhost].[/]       : Initializing Spring DispatcherServlet 'dispatcherServlet'
2025-04-30T12:04:24.424+05:30  INFO 25264 --- [Foody] [http-nio-8080-exec-1] o.s.web.servlet.DispatcherServlet        : Initializing Servlet 'dispatcherServlet'
2025-04-30T12:04:24.425+05:30  INFO 25264 --- [Foody] [http-nio-8080-exec-1] o.s.web.servlet.DispatcherServlet        : Completed initialization in 1 ms
2025-04-30T12:08:39.680+05:30  INFO 25264 --- [Foody] [File Watcher] rtingClassPathChangeChangedEventListener : Restarting due to 1 class path change (0 additions, 0 deletions, 1 modification)
2025-04-30T12:08:39.680+05:30  INFO 25264 --- [Foody] [Thread-15] o.s.b.w.e.tomcat.GracefulShutdown        : Commencing graceful shutdown. Waiting for active requests to complete
2025-04-30T12:08:39.686+05:30  INFO 25264 --- [Foody] [tomcat-shutdown] o.s.b.w.e.tomcat.GracefulShutdown        : Graceful shutdown complete
2025-04-30T12:08:39.686+05:30  INFO 25264 --- [Foody] [Thread-15] j.LocalContainerEntityManagerFactoryBean : Closing JPA EntityManagerFactory for persistence unit 'default'
2025-04-30T12:08:39.686+05:30  INFO 25264 --- [Foody] [Thread-15] com.zaxxer.hikari.HikariDataSource       : HikariPool-4 - Shutdown initiated...
2025-04-30T12:08:39.696+05:30  INFO 25264 --- [Foody] [Thread-15] com.zaxxer.hikari.HikariDataSource       : HikariPool-4 - Shutdown completed.
2025-04-30T12:08:39.750+05:30  INFO 25264 --- [Foody] [restartedMain] com.example.foody.FoodyApplication       : Starting FoodyApplication using Java 21.0.7 with PID 25264 (E:\reactprojects\Food-Recipes\foody\target\classes started by anushalakshmi.s in E:\reactprojects\Food-Recipes\foody)
2025-04-30T12:08:39.750+05:30  INFO 25264 --- [Foody] [restartedMain] com.example.foody.FoodyApplication       : No active profile set, falling back to 1 default profile: "default"
2025-04-30T12:08:39.844+05:30  INFO 25264 --- [Foody] [restartedMain] .s.d.r.c.RepositoryConfigurationDelegate : Bootstrapping Spring Data JPA repositories in DEFAULT mode.
2025-04-30T12:08:39.844+05:30  INFO 25264 --- [Foody] [restartedMain] .s.d.r.c.RepositoryConfigurationDelegate : Finished Spring Data repository scanning in 4 ms. Found 2 JPA repository interfaces.
2025-04-30T12:08:39.895+05:30  INFO 25264 --- [Foody] [restartedMain] o.s.b.w.embedded.tomcat.TomcatWebServer  : Tomcat initialized with port 8080 (http)
2025-04-30T12:08:39.895+05:30  INFO 25264 --- [Foody] [restartedMain] o.apache.catalina.core.StandardService   : Starting service [Tomcat]
2025-04-30T12:08:39.895+05:30  INFO 25264 --- [Foody] [restartedMain] o.apache.catalina.core.StandardEngine    : Starting Servlet engine: [Apache Tomcat/10.1.39]
2025-04-30T12:08:39.919+05:30  INFO 25264 --- [Foody] [restartedMain] o.a.c.c.C.[Tomcat].[localhost].[/]       : Initializing Spring embedded WebApplicationContext
2025-04-30T12:08:39.920+05:30  INFO 25264 --- [Foody] [restartedMain] w.s.c.ServletWebServerApplicationContext : Root WebApplicationContext: initialization completed in 169 ms
2025-04-30T12:08:39.944+05:30  INFO 25264 --- [Foody] [restartedMain] o.hibernate.jpa.internal.util.LogHelper  : HHH000204: Processing PersistenceUnitInfo [name: default]
2025-04-30T12:08:39.944+05:30  INFO 25264 --- [Foody] [restartedMain] o.h.c.internal.RegionFactoryInitiator    : HHH000026: Second-level cache disabled
2025-04-30T12:08:39.944+05:30  INFO 25264 --- [Foody] [restartedMain] o.s.o.j.p.SpringPersistenceUnitInfo      : No LoadTimeWeaver setup: ignoring JPA class transformer
2025-04-30T12:08:39.944+05:30  INFO 25264 --- [Foody] [restartedMain] com.zaxxer.hikari.HikariDataSource       : HikariPool-5 - Starting...
2025-04-30T12:08:39.961+05:30  INFO 25264 --- [Foody] [restartedMain] com.zaxxer.hikari.pool.HikariPool        : HikariPool-5 - Added connection com.mysql.cj.jdbc.ConnectionImpl@ab3692a
2025-04-30T12:08:39.961+05:30  INFO 25264 --- [Foody] [restartedMain] com.zaxxer.hikari.HikariDataSource       : HikariPool-5 - Start completed.
2025-04-30T12:08:39.961+05:30  WARN 25264 --- [Foody] [restartedMain] org.hibernate.orm.deprecation            : HHH90000025: MySQL8Dialect does not need to be specified explicitly using 'hibernate.dialect' (remove the property setting and it will be selected by default)
2025-04-30T12:08:39.961+05:30  WARN 25264 --- [Foody] [restartedMain] org.hibernate.orm.deprecation            : HHH90000026: MySQL8Dialect has been deprecated; use org.hibernate.dialect.MySQLDialect instead
2025-04-30T12:08:39.961+05:30  INFO 25264 --- [Foody] [restartedMain] org.hibernate.orm.connections.pooling    : HHH10001005: Database info:
	Database JDBC URL [Connecting through datasource 'HikariDataSource (HikariPool-5)']
	Database driver: undefined/unknown
	Database version: 8.0
	Autocommit mode: undefined/unknown
	Isolation level: undefined/unknown
	Minimum pool size: undefined/unknown
	Maximum pool size: undefined/unknown
2025-04-30T12:08:39.999+05:30  INFO 25264 --- [Foody] [restartedMain] o.h.e.t.j.p.i.JtaPlatformInitiator       : HHH000489: No JTA platform available (set 'hibernate.transaction.jta.platform' to enable JTA platform integration)
2025-04-30T12:08:40.029+05:30  INFO 25264 --- [Foody] [restartedMain] j.LocalContainerEntityManagerFactoryBean : Initialized JPA EntityManagerFactory for persistence unit 'default'
2025-04-30T12:08:40.074+05:30  WARN 25264 --- [Foody] [restartedMain] JpaBaseConfiguration$JpaWebConfiguration : spring.jpa.open-in-view is enabled by default. Therefore, database queries may be performed during view rendering. Explicitly configure spring.jpa.open-in-view to disable this warning
2025-04-30T12:08:40.230+05:30  INFO 25264 --- [Foody] [restartedMain] o.s.b.d.a.OptionalLiveReloadServer       : LiveReload server is running on port 35729
2025-04-30T12:08:40.230+05:30  INFO 25264 --- [Foody] [restartedMain] o.s.b.w.embedded.tomcat.TomcatWebServer  : Tomcat started on port 8080 (http) with context path '/'
2025-04-30T12:08:40.243+05:30  INFO 25264 --- [Foody] [restartedMain] com.example.foody.FoodyApplication       : Started FoodyApplication in 0.512 seconds (process running for 860.869)
2025-04-30T12:08:40.244+05:30  INFO 25264 --- [Foody] [restartedMain] .ConditionEvaluationDeltaLoggingListener : Condition evaluation unchanged
2025-04-30T12:08:48.962+05:30  INFO 25264 --- [Foody] [http-nio-8080-exec-1] o.a.c.c.C.[Tomcat].[localhost].[/]       : Initializing Spring DispatcherServlet 'dispatcherServlet'
2025-04-30T12:08:48.962+05:30  INFO 25264 --- [Foody] [http-nio-8080-exec-1] o.s.web.servlet.DispatcherServlet        : Initializing Servlet 'dispatcherServlet'
2025-04-30T12:08:48.963+05:30  INFO 25264 --- [Foody] [http-nio-8080-exec-1] o.s.web.servlet.DispatcherServlet        : Completed initialization in 0 ms
2025-04-30T13:04:25.981+05:30  INFO 25264 --- [Foody] [File Watcher] rtingClassPathChangeChangedEventListener : Restarting due to 1 class path change (0 additions, 0 deletions, 1 modification)
2025-04-30T13:04:25.987+05:30  INFO 25264 --- [Foody] [Thread-19] o.s.b.w.e.tomcat.GracefulShutdown        : Commencing graceful shutdown. Waiting for active requests to complete
2025-04-30T13:04:25.998+05:30  INFO 25264 --- [Foody] [tomcat-shutdown] o.s.b.w.e.tomcat.GracefulShutdown        : Graceful shutdown complete
2025-04-30T13:04:26.001+05:30  INFO 25264 --- [Foody] [Thread-19] j.LocalContainerEntityManagerFactoryBean : Closing JPA EntityManagerFactory for persistence unit 'default'
2025-04-30T13:04:26.002+05:30  INFO 25264 --- [Foody] [Thread-19] com.zaxxer.hikari.HikariDataSource       : HikariPool-5 - Shutdown initiated...
2025-04-30T13:04:26.010+05:30  INFO 25264 --- [Foody] [Thread-19] com.zaxxer.hikari.HikariDataSource       : HikariPool-5 - Shutdown completed.
2025-04-30T13:04:26.128+05:30  INFO 25264 --- [Foody] [restartedMain] com.example.foody.FoodyApplication       : Starting FoodyApplication using Java 21.0.7 with PID 25264 (E:\reactprojects\Food-Recipes\foody\target\classes started by anushalakshmi.s in E:\reactprojects\Food-Recipes\foody)
2025-04-30T13:04:26.128+05:30  INFO 25264 --- [Foody] [restartedMain] com.example.foody.FoodyApplication       : No active profile set, falling back to 1 default profile: "default"
2025-04-30T13:04:26.246+05:30  INFO 25264 --- [Foody] [restartedMain] .s.d.r.c.RepositoryConfigurationDelegate : Bootstrapping Spring Data JPA repositories in DEFAULT mode.
2025-04-30T13:04:26.252+05:30  INFO 25264 --- [Foody] [restartedMain] .s.d.r.c.RepositoryConfigurationDelegate : Finished Spring Data repository scanning in 6 ms. Found 2 JPA repository interfaces.
2025-04-30T13:04:26.329+05:30  INFO 25264 --- [Foody] [restartedMain] o.s.b.w.embedded.tomcat.TomcatWebServer  : Tomcat initialized with port 8080 (http)
2025-04-30T13:04:26.329+05:30  INFO 25264 --- [Foody] [restartedMain] o.apache.catalina.core.StandardService   : Starting service [Tomcat]
2025-04-30T13:04:26.335+05:30  INFO 25264 --- [Foody] [restartedMain] o.apache.catalina.core.StandardEngine    : Starting Servlet engine: [Apache Tomcat/10.1.39]
2025-04-30T13:04:26.348+05:30  INFO 25264 --- [Foody] [restartedMain] o.a.c.c.C.[Tomcat].[localhost].[/]       : Initializing Spring embedded WebApplicationContext
2025-04-30T13:04:26.349+05:30  INFO 25264 --- [Foody] [restartedMain] w.s.c.ServletWebServerApplicationContext : Root WebApplicationContext: initialization completed in 221 ms
2025-04-30T13:04:26.377+05:30  INFO 25264 --- [Foody] [restartedMain] o.hibernate.jpa.internal.util.LogHelper  : HHH000204: Processing PersistenceUnitInfo [name: default]
2025-04-30T13:04:26.384+05:30  INFO 25264 --- [Foody] [restartedMain] o.h.c.internal.RegionFactoryInitiator    : HHH000026: Second-level cache disabled
2025-04-30T13:04:26.384+05:30  INFO 25264 --- [Foody] [restartedMain] o.s.o.j.p.SpringPersistenceUnitInfo      : No LoadTimeWeaver setup: ignoring JPA class transformer
2025-04-30T13:04:26.391+05:30  INFO 25264 --- [Foody] [restartedMain] com.zaxxer.hikari.HikariDataSource       : HikariPool-6 - Starting...
2025-04-30T13:04:26.407+05:30  INFO 25264 --- [Foody] [restartedMain] com.zaxxer.hikari.pool.HikariPool        : HikariPool-6 - Added connection com.mysql.cj.jdbc.ConnectionImpl@260c51eb
2025-04-30T13:04:26.408+05:30  INFO 25264 --- [Foody] [restartedMain] com.zaxxer.hikari.HikariDataSource       : HikariPool-6 - Start completed.
2025-04-30T13:04:26.409+05:30  WARN 25264 --- [Foody] [restartedMain] org.hibernate.orm.deprecation            : HHH90000025: MySQL8Dialect does not need to be specified explicitly using 'hibernate.dialect' (remove the property setting and it will be selected by default)
2025-04-30T13:04:26.409+05:30  WARN 25264 --- [Foody] [restartedMain] org.hibernate.orm.deprecation            : HHH90000026: MySQL8Dialect has been deprecated; use org.hibernate.dialect.MySQLDialect instead
2025-04-30T13:04:26.409+05:30  INFO 25264 --- [Foody] [restartedMain] org.hibernate.orm.connections.pooling    : HHH10001005: Database info:
	Database JDBC URL [Connecting through datasource 'HikariDataSource (HikariPool-6)']
	Database driver: undefined/unknown
	Database version: 8.0
	Autocommit mode: undefined/unknown
	Isolation level: undefined/unknown
	Minimum pool size: undefined/unknown
	Maximum pool size: undefined/unknown
2025-04-30T13:04:26.448+05:30  INFO 25264 --- [Foody] [restartedMain] o.h.e.t.j.p.i.JtaPlatformInitiator       : HHH000489: No JTA platform available (set 'hibernate.transaction.jta.platform' to enable JTA platform integration)
2025-04-30T13:04:26.468+05:30  INFO 25264 --- [Foody] [restartedMain] j.LocalContainerEntityManagerFactoryBean : Initialized JPA EntityManagerFactory for persistence unit 'default'
2025-04-30T13:04:26.558+05:30  WARN 25264 --- [Foody] [restartedMain] JpaBaseConfiguration$JpaWebConfiguration : spring.jpa.open-in-view is enabled by default. Therefore, database queries may be performed during view rendering. Explicitly configure spring.jpa.open-in-view to disable this warning
2025-04-30T13:04:26.739+05:30  INFO 25264 --- [Foody] [restartedMain] o.s.b.d.a.OptionalLiveReloadServer       : LiveReload server is running on port 35729
2025-04-30T13:04:26.751+05:30  INFO 25264 --- [Foody] [restartedMain] o.s.b.w.embedded.tomcat.TomcatWebServer  : Tomcat started on port 8080 (http) with context path '/'
2025-04-30T13:04:26.751+05:30  INFO 25264 --- [Foody] [restartedMain] com.example.foody.FoodyApplication       : Started FoodyApplication in 0.661 seconds (process running for 4207.38)
2025-04-30T13:04:26.751+05:30  INFO 25264 --- [Foody] [restartedMain] .ConditionEvaluationDeltaLoggingListener : Condition evaluation unchanged
2025-04-30T13:20:11.586+05:30  INFO 25264 --- [Foody] [http-nio-8080-exec-1] o.a.c.c.C.[Tomcat].[localhost].[/]       : Initializing Spring DispatcherServlet 'dispatcherServlet'
2025-04-30T13:20:11.586+05:30  INFO 25264 --- [Foody] [http-nio-8080-exec-1] o.s.web.servlet.DispatcherServlet        : Initializing Servlet 'dispatcherServlet'
2025-04-30T13:20:11.588+05:30  INFO 25264 --- [Foody] [http-nio-8080-exec-1] o.s.web.servlet.DispatcherServlet        : Completed initialization in 1 ms
2025-04-30T14:09:04.686+05:30  WARN 25264 --- [Foody] [HikariPool-6 housekeeper] com.zaxxer.hikari.pool.HikariPool        : HikariPool-6 - Thread starvation or clock leap detected (housekeeper delta=37m37s807ms830s800ns).
2025-04-30T14:14:54.488+05:30  INFO 18276 --- [Foody] [restartedMain] com.example.foody.FoodyApplication       : Starting FoodyApplication using Java 21.0.7 with PID 18276 (E:\reactprojects\Food-Recipes\foody\target\classes started by anushalakshmi.s in E:\reactprojects\Food-Recipes\foody)
2025-04-30T14:14:54.495+05:30  INFO 18276 --- [Foody] [restartedMain] com.example.foody.FoodyApplication       : No active profile set, falling back to 1 default profile: "default"
2025-04-30T14:14:54.550+05:30  INFO 18276 --- [Foody] [restartedMain] .e.DevToolsPropertyDefaultsPostProcessor : Devtools property defaults active! Set 'spring.devtools.add-properties' to 'false' to disable
2025-04-30T14:14:54.550+05:30  INFO 18276 --- [Foody] [restartedMain] .e.DevToolsPropertyDefaultsPostProcessor : For additional web related logging consider setting the 'logging.level.web' property to 'DEBUG'
2025-04-30T14:14:55.057+05:30  INFO 18276 --- [Foody] [restartedMain] .s.d.r.c.RepositoryConfigurationDelegate : Bootstrapping Spring Data JPA repositories in DEFAULT mode.
2025-04-30T14:14:55.103+05:30  INFO 18276 --- [Foody] [restartedMain] .s.d.r.c.RepositoryConfigurationDelegate : Finished Spring Data repository scanning in 44 ms. Found 2 JPA repository interfaces.
2025-04-30T14:14:55.538+05:30  INFO 18276 --- [Foody] [restartedMain] o.s.b.w.embedded.tomcat.TomcatWebServer  : Tomcat initialized with port 8080 (http)
2025-04-30T14:14:55.558+05:30  INFO 18276 --- [Foody] [restartedMain] o.apache.catalina.core.StandardService   : Starting service [Tomcat]
2025-04-30T14:14:55.558+05:30  INFO 18276 --- [Foody] [restartedMain] o.apache.catalina.core.StandardEngine    : Starting Servlet engine: [Apache Tomcat/10.1.39]
2025-04-30T14:14:55.618+05:30  INFO 18276 --- [Foody] [restartedMain] o.a.c.c.C.[Tomcat].[localhost].[/]       : Initializing Spring embedded WebApplicationContext
2025-04-30T14:14:55.618+05:30  INFO 18276 --- [Foody] [restartedMain] w.s.c.ServletWebServerApplicationContext : Root WebApplicationContext: initialization completed in 1068 ms
2025-04-30T14:14:55.777+05:30  INFO 18276 --- [Foody] [restartedMain] o.hibernate.jpa.internal.util.LogHelper  : HHH000204: Processing PersistenceUnitInfo [name: default]
2025-04-30T14:14:55.864+05:30  INFO 18276 --- [Foody] [restartedMain] org.hibernate.Version                    : HHH000412: Hibernate ORM core version 6.6.11.Final
2025-04-30T14:14:55.912+05:30  INFO 18276 --- [Foody] [restartedMain] o.h.c.internal.RegionFactoryInitiator    : HHH000026: Second-level cache disabled
2025-04-30T14:14:56.198+05:30  INFO 18276 --- [Foody] [restartedMain] o.s.o.j.p.SpringPersistenceUnitInfo      : No LoadTimeWeaver setup: ignoring JPA class transformer
2025-04-30T14:14:56.248+05:30  INFO 18276 --- [Foody] [restartedMain] com.zaxxer.hikari.HikariDataSource       : HikariPool-1 - Starting...
2025-04-30T14:14:56.680+05:30  INFO 18276 --- [Foody] [restartedMain] com.zaxxer.hikari.pool.HikariPool        : HikariPool-1 - Added connection com.mysql.cj.jdbc.ConnectionImpl@322eb842
2025-04-30T14:14:56.680+05:30  INFO 18276 --- [Foody] [restartedMain] com.zaxxer.hikari.HikariDataSource       : HikariPool-1 - Start completed.
2025-04-30T14:14:56.739+05:30  WARN 18276 --- [Foody] [restartedMain] org.hibernate.orm.deprecation            : HHH90000025: MySQL8Dialect does not need to be specified explicitly using 'hibernate.dialect' (remove the property setting and it will be selected by default)
2025-04-30T14:14:56.739+05:30  WARN 18276 --- [Foody] [restartedMain] org.hibernate.orm.deprecation            : HHH90000026: MySQL8Dialect has been deprecated; use org.hibernate.dialect.MySQLDialect instead
2025-04-30T14:14:56.761+05:30  INFO 18276 --- [Foody] [restartedMain] org.hibernate.orm.connections.pooling    : HHH10001005: Database info:
	Database JDBC URL [Connecting through datasource 'HikariDataSource (HikariPool-1)']
	Database driver: undefined/unknown
	Database version: 8.0
	Autocommit mode: undefined/unknown
	Isolation level: undefined/unknown
	Minimum pool size: undefined/unknown
	Maximum pool size: undefined/unknown
2025-04-30T14:14:57.635+05:30  INFO 18276 --- [Foody] [restartedMain] o.h.e.t.j.p.i.JtaPlatformInitiator       : HHH000489: No JTA platform available (set 'hibernate.transaction.jta.platform' to enable JTA platform integration)
2025-04-30T14:14:57.729+05:30  INFO 18276 --- [Foody] [restartedMain] j.LocalContainerEntityManagerFactoryBean : Initialized JPA EntityManagerFactory for persistence unit 'default'
2025-04-30T14:14:57.904+05:30  INFO 18276 --- [Foody] [restartedMain] o.s.d.j.r.query.QueryEnhancerFactory     : Hibernate is in classpath; If applicable, HQL parser will be used.
2025-04-30T14:14:58.625+05:30  WARN 18276 --- [Foody] [restartedMain] JpaBaseConfiguration$JpaWebConfiguration : spring.jpa.open-in-view is enabled by default. Therefore, database queries may be performed during view rendering. Explicitly configure spring.jpa.open-in-view to disable this warning
2025-04-30T14:14:59.096+05:30  INFO 18276 --- [Foody] [restartedMain] o.s.b.d.a.OptionalLiveReloadServer       : LiveReload server is running on port 35729
2025-04-30T14:14:59.140+05:30  INFO 18276 --- [Foody] [restartedMain] o.s.b.w.embedded.tomcat.TomcatWebServer  : Tomcat started on port 8080 (http) with context path '/'
2025-04-30T14:14:59.149+05:30  INFO 18276 --- [Foody] [restartedMain] com.example.foody.FoodyApplication       : Started FoodyApplication in 5.11 seconds (process running for 5.479)
2025-04-30T14:15:10.902+05:30  INFO 18276 --- [Foody] [http-nio-8080-exec-2] o.a.c.c.C.[Tomcat].[localhost].[/]       : Initializing Spring DispatcherServlet 'dispatcherServlet'
2025-04-30T14:15:10.903+05:30  INFO 18276 --- [Foody] [http-nio-8080-exec-2] o.s.web.servlet.DispatcherServlet        : Initializing Servlet 'dispatcherServlet'
2025-04-30T14:15:10.904+05:30  INFO 18276 --- [Foody] [http-nio-8080-exec-2] o.s.web.servlet.DispatcherServlet        : Completed initialization in 1 ms
2025-04-30T14:19:10.726+05:30  INFO 18276 --- [Foody] [File Watcher] rtingClassPathChangeChangedEventListener : Restarting due to 1 class path change (0 additions, 0 deletions, 1 modification)
2025-04-30T14:19:10.731+05:30  INFO 18276 --- [Foody] [Thread-5] o.s.b.w.e.tomcat.GracefulShutdown        : Commencing graceful shutdown. Waiting for active requests to complete
2025-04-30T14:19:10.747+05:30  INFO 18276 --- [Foody] [tomcat-shutdown] o.s.b.w.e.tomcat.GracefulShutdown        : Graceful shutdown complete
2025-04-30T14:19:10.750+05:30  INFO 18276 --- [Foody] [Thread-5] j.LocalContainerEntityManagerFactoryBean : Closing JPA EntityManagerFactory for persistence unit 'default'
2025-04-30T14:19:10.752+05:30  INFO 18276 --- [Foody] [Thread-5] com.zaxxer.hikari.HikariDataSource       : HikariPool-1 - Shutdown initiated...
2025-04-30T14:19:10.766+05:30  INFO 18276 --- [Foody] [Thread-5] com.zaxxer.hikari.HikariDataSource       : HikariPool-1 - Shutdown completed.
2025-04-30T14:19:10.831+05:30  INFO 18276 --- [Foody] [restartedMain] com.example.foody.FoodyApplication       : Starting FoodyApplication using Java 21.0.7 with PID 18276 (E:\reactprojects\Food-Recipes\foody\target\classes started by anushalakshmi.s in E:\reactprojects\Food-Recipes\foody)
2025-04-30T14:19:10.831+05:30  INFO 18276 --- [Foody] [restartedMain] com.example.foody.FoodyApplication       : No active profile set, falling back to 1 default profile: "default"
2025-04-30T14:19:10.954+05:30  INFO 18276 --- [Foody] [restartedMain] .s.d.r.c.RepositoryConfigurationDelegate : Bootstrapping Spring Data JPA repositories in DEFAULT mode.
2025-04-30T14:19:10.959+05:30  INFO 18276 --- [Foody] [restartedMain] .s.d.r.c.RepositoryConfigurationDelegate : Finished Spring Data repository scanning in 6 ms. Found 2 JPA repository interfaces.
2025-04-30T14:19:11.025+05:30  INFO 18276 --- [Foody] [restartedMain] o.s.b.w.embedded.tomcat.TomcatWebServer  : Tomcat initialized with port 8080 (http)
2025-04-30T14:19:11.025+05:30  INFO 18276 --- [Foody] [restartedMain] o.apache.catalina.core.StandardService   : Starting service [Tomcat]
2025-04-30T14:19:11.025+05:30  INFO 18276 --- [Foody] [restartedMain] o.apache.catalina.core.StandardEngine    : Starting Servlet engine: [Apache Tomcat/10.1.39]
2025-04-30T14:19:11.025+05:30  INFO 18276 --- [Foody] [restartedMain] o.a.c.c.C.[Tomcat].[localhost].[/]       : Initializing Spring embedded WebApplicationContext
2025-04-30T14:19:11.025+05:30  INFO 18276 --- [Foody] [restartedMain] w.s.c.ServletWebServerApplicationContext : Root WebApplicationContext: initialization completed in 194 ms
2025-04-30T14:19:11.071+05:30  INFO 18276 --- [Foody] [restartedMain] o.hibernate.jpa.internal.util.LogHelper  : HHH000204: Processing PersistenceUnitInfo [name: default]
2025-04-30T14:19:11.071+05:30  INFO 18276 --- [Foody] [restartedMain] o.h.c.internal.RegionFactoryInitiator    : HHH000026: Second-level cache disabled
2025-04-30T14:19:11.077+05:30  INFO 18276 --- [Foody] [restartedMain] o.s.o.j.p.SpringPersistenceUnitInfo      : No LoadTimeWeaver setup: ignoring JPA class transformer
2025-04-30T14:19:11.077+05:30  INFO 18276 --- [Foody] [restartedMain] com.zaxxer.hikari.HikariDataSource       : HikariPool-2 - Starting...
2025-04-30T14:19:11.094+05:30  INFO 18276 --- [Foody] [restartedMain] com.zaxxer.hikari.pool.HikariPool        : HikariPool-2 - Added connection com.mysql.cj.jdbc.ConnectionImpl@37fd311c
2025-04-30T14:19:11.097+05:30  INFO 18276 --- [Foody] [restartedMain] com.zaxxer.hikari.HikariDataSource       : HikariPool-2 - Start completed.
2025-04-30T14:19:11.097+05:30  WARN 18276 --- [Foody] [restartedMain] org.hibernate.orm.deprecation            : HHH90000025: MySQL8Dialect does not need to be specified explicitly using 'hibernate.dialect' (remove the property setting and it will be selected by default)
2025-04-30T14:19:11.097+05:30  WARN 18276 --- [Foody] [restartedMain] org.hibernate.orm.deprecation            : HHH90000026: MySQL8Dialect has been deprecated; use org.hibernate.dialect.MySQLDialect instead
2025-04-30T14:19:11.097+05:30  INFO 18276 --- [Foody] [restartedMain] org.hibernate.orm.connections.pooling    : HHH10001005: Database info:
	Database JDBC URL [Connecting through datasource 'HikariDataSource (HikariPool-2)']
	Database driver: undefined/unknown
	Database version: 8.0
	Autocommit mode: undefined/unknown
	Isolation level: undefined/unknown
	Minimum pool size: undefined/unknown
	Maximum pool size: undefined/unknown
2025-04-30T14:19:11.145+05:30  INFO 18276 --- [Foody] [restartedMain] o.h.e.t.j.p.i.JtaPlatformInitiator       : HHH000489: No JTA platform available (set 'hibernate.transaction.jta.platform' to enable JTA platform integration)
2025-04-30T14:19:11.169+05:30  INFO 18276 --- [Foody] [restartedMain] j.LocalContainerEntityManagerFactoryBean : Initialized JPA EntityManagerFactory for persistence unit 'default'
2025-04-30T14:19:11.271+05:30  WARN 18276 --- [Foody] [restartedMain] JpaBaseConfiguration$JpaWebConfiguration : spring.jpa.open-in-view is enabled by default. Therefore, database queries may be performed during view rendering. Explicitly configure spring.jpa.open-in-view to disable this warning
2025-04-30T14:19:11.437+05:30  INFO 18276 --- [Foody] [restartedMain] o.s.b.d.a.OptionalLiveReloadServer       : LiveReload server is running on port 35729
2025-04-30T14:19:11.437+05:30  INFO 18276 --- [Foody] [restartedMain] o.s.b.w.embedded.tomcat.TomcatWebServer  : Tomcat started on port 8080 (http) with context path '/'
2025-04-30T14:19:11.446+05:30  INFO 18276 --- [Foody] [restartedMain] com.example.foody.FoodyApplication       : Started FoodyApplication in 0.638 seconds (process running for 257.777)
2025-04-30T14:19:11.459+05:30  INFO 18276 --- [Foody] [restartedMain] .ConditionEvaluationDeltaLoggingListener : Condition evaluation unchanged
2025-04-30T14:32:20.515+05:30  INFO 18276 --- [Foody] [http-nio-8080-exec-1] o.a.c.c.C.[Tomcat].[localhost].[/]       : Initializing Spring DispatcherServlet 'dispatcherServlet'
2025-04-30T14:32:20.515+05:30  INFO 18276 --- [Foody] [http-nio-8080-exec-1] o.s.web.servlet.DispatcherServlet        : Initializing Servlet 'dispatcherServlet'
2025-04-30T14:32:20.523+05:30  INFO 18276 --- [Foody] [http-nio-8080-exec-1] o.s.web.servlet.DispatcherServlet        : Completed initialization in 8 ms
2025-04-30T15:00:27.471+05:30  INFO 18276 --- [Foody] [File Watcher] rtingClassPathChangeChangedEventListener : Restarting due to 1 class path change (0 additions, 0 deletions, 1 modification)
2025-04-30T15:00:27.473+05:30  INFO 18276 --- [Foody] [Thread-7] o.s.b.w.e.tomcat.GracefulShutdown        : Commencing graceful shutdown. Waiting for active requests to complete
2025-04-30T15:00:27.477+05:30  INFO 18276 --- [Foody] [tomcat-shutdown] o.s.b.w.e.tomcat.GracefulShutdown        : Graceful shutdown complete
2025-04-30T15:00:27.484+05:30  INFO 18276 --- [Foody] [Thread-7] j.LocalContainerEntityManagerFactoryBean : Closing JPA EntityManagerFactory for persistence unit 'default'
2025-04-30T15:00:27.484+05:30  INFO 18276 --- [Foody] [Thread-7] com.zaxxer.hikari.HikariDataSource       : HikariPool-2 - Shutdown initiated...
2025-04-30T15:00:27.491+05:30  INFO 18276 --- [Foody] [Thread-7] com.zaxxer.hikari.HikariDataSource       : HikariPool-2 - Shutdown completed.
2025-04-30T15:00:27.600+05:30  INFO 18276 --- [Foody] [restartedMain] com.example.foody.FoodyApplication       : Starting FoodyApplication using Java 21.0.7 with PID 18276 (E:\reactprojects\Food-Recipes\foody\target\classes started by anushalakshmi.s in E:\reactprojects\Food-Recipes\foody)
2025-04-30T15:00:27.600+05:30  INFO 18276 --- [Foody] [restartedMain] com.example.foody.FoodyApplication       : No active profile set, falling back to 1 default profile: "default"
2025-04-30T15:00:27.711+05:30  INFO 18276 --- [Foody] [restartedMain] .s.d.r.c.RepositoryConfigurationDelegate : Bootstrapping Spring Data JPA repositories in DEFAULT mode.
2025-04-30T15:00:27.727+05:30  INFO 18276 --- [Foody] [restartedMain] .s.d.r.c.RepositoryConfigurationDelegate : Finished Spring Data repository scanning in 6 ms. Found 2 JPA repository interfaces.
2025-04-30T15:00:27.804+05:30  INFO 18276 --- [Foody] [restartedMain] o.s.b.w.embedded.tomcat.TomcatWebServer  : Tomcat initialized with port 8080 (http)
2025-04-30T15:00:27.804+05:30  INFO 18276 --- [Foody] [restartedMain] o.apache.catalina.core.StandardService   : Starting service [Tomcat]
2025-04-30T15:00:27.804+05:30  INFO 18276 --- [Foody] [restartedMain] o.apache.catalina.core.StandardEngine    : Starting Servlet engine: [Apache Tomcat/10.1.39]
2025-04-30T15:00:27.809+05:30  INFO 18276 --- [Foody] [restartedMain] o.a.c.c.C.[Tomcat].[localhost].[/]       : Initializing Spring embedded WebApplicationContext
2025-04-30T15:00:27.809+05:30  INFO 18276 --- [Foody] [restartedMain] w.s.c.ServletWebServerApplicationContext : Root WebApplicationContext: initialization completed in 207 ms
2025-04-30T15:00:27.852+05:30  INFO 18276 --- [Foody] [restartedMain] o.hibernate.jpa.internal.util.LogHelper  : HHH000204: Processing PersistenceUnitInfo [name: default]
2025-04-30T15:00:27.857+05:30  INFO 18276 --- [Foody] [restartedMain] o.h.c.internal.RegionFactoryInitiator    : HHH000026: Second-level cache disabled
2025-04-30T15:00:27.860+05:30  INFO 18276 --- [Foody] [restartedMain] o.s.o.j.p.SpringPersistenceUnitInfo      : No LoadTimeWeaver setup: ignoring JPA class transformer
2025-04-30T15:00:27.860+05:30  INFO 18276 --- [Foody] [restartedMain] com.zaxxer.hikari.HikariDataSource       : HikariPool-3 - Starting...
2025-04-30T15:00:27.874+05:30  INFO 18276 --- [Foody] [restartedMain] com.zaxxer.hikari.pool.HikariPool        : HikariPool-3 - Added connection com.mysql.cj.jdbc.ConnectionImpl@14f5826f
2025-04-30T15:00:27.880+05:30  INFO 18276 --- [Foody] [restartedMain] com.zaxxer.hikari.HikariDataSource       : HikariPool-3 - Start completed.
2025-04-30T15:00:27.881+05:30  WARN 18276 --- [Foody] [restartedMain] org.hibernate.orm.deprecation            : HHH90000025: MySQL8Dialect does not need to be specified explicitly using 'hibernate.dialect' (remove the property setting and it will be selected by default)
2025-04-30T15:00:27.881+05:30  WARN 18276 --- [Foody] [restartedMain] org.hibernate.orm.deprecation            : HHH90000026: MySQL8Dialect has been deprecated; use org.hibernate.dialect.MySQLDialect instead
2025-04-30T15:00:27.881+05:30  INFO 18276 --- [Foody] [restartedMain] org.hibernate.orm.connections.pooling    : HHH10001005: Database info:
	Database JDBC URL [Connecting through datasource 'HikariDataSource (HikariPool-3)']
	Database driver: undefined/unknown
	Database version: 8.0
	Autocommit mode: undefined/unknown
	Isolation level: undefined/unknown
	Minimum pool size: undefined/unknown
	Maximum pool size: undefined/unknown
2025-04-30T15:00:27.935+05:30  INFO 18276 --- [Foody] [restartedMain] o.h.e.t.j.p.i.JtaPlatformInitiator       : HHH000489: No JTA platform available (set 'hibernate.transaction.jta.platform' to enable JTA platform integration)
2025-04-30T15:00:27.957+05:30  INFO 18276 --- [Foody] [restartedMain] j.LocalContainerEntityManagerFactoryBean : Initialized JPA EntityManagerFactory for persistence unit 'default'
2025-04-30T15:00:28.016+05:30  WARN 18276 --- [Foody] [restartedMain] JpaBaseConfiguration$JpaWebConfiguration : spring.jpa.open-in-view is enabled by default. Therefore, database queries may be performed during view rendering. Explicitly configure spring.jpa.open-in-view to disable this warning
2025-04-30T15:00:28.204+05:30  INFO 18276 --- [Foody] [restartedMain] o.s.b.d.a.OptionalLiveReloadServer       : LiveReload server is running on port 35729
2025-04-30T15:00:28.208+05:30  INFO 18276 --- [Foody] [restartedMain] o.s.b.w.embedded.tomcat.TomcatWebServer  : Tomcat started on port 8080 (http) with context path '/'
2025-04-30T15:00:28.216+05:30  INFO 18276 --- [Foody] [restartedMain] com.example.foody.FoodyApplication       : Started FoodyApplication in 0.647 seconds (process running for 2734.547)
2025-04-30T15:00:28.216+05:30  INFO 18276 --- [Foody] [restartedMain] .ConditionEvaluationDeltaLoggingListener : Condition evaluation unchanged
2025-04-30T15:00:59.941+05:30  INFO 18276 --- [Foody] [http-nio-8080-exec-1] o.a.c.c.C.[Tomcat].[localhost].[/]       : Initializing Spring DispatcherServlet 'dispatcherServlet'
2025-04-30T15:00:59.941+05:30  INFO 18276 --- [Foody] [http-nio-8080-exec-1] o.s.web.servlet.DispatcherServlet        : Initializing Servlet 'dispatcherServlet'
2025-04-30T15:00:59.943+05:30  INFO 18276 --- [Foody] [http-nio-8080-exec-1] o.s.web.servlet.DispatcherServlet        : Completed initialization in 2 ms
2025-04-30T15:02:29.495+05:30  INFO 18276 --- [Foody] [File Watcher] rtingClassPathChangeChangedEventListener : Restarting due to 1 class path change (0 additions, 0 deletions, 1 modification)
2025-04-30T15:02:29.495+05:30  INFO 18276 --- [Foody] [Thread-11] o.s.b.w.e.tomcat.GracefulShutdown        : Commencing graceful shutdown. Waiting for active requests to complete
2025-04-30T15:02:29.516+05:30  INFO 18276 --- [Foody] [tomcat-shutdown] o.s.b.w.e.tomcat.GracefulShutdown        : Graceful shutdown complete
2025-04-30T15:02:29.519+05:30  INFO 18276 --- [Foody] [Thread-11] j.LocalContainerEntityManagerFactoryBean : Closing JPA EntityManagerFactory for persistence unit 'default'
2025-04-30T15:02:29.522+05:30  INFO 18276 --- [Foody] [Thread-11] com.zaxxer.hikari.HikariDataSource       : HikariPool-3 - Shutdown initiated...
2025-04-30T15:02:29.532+05:30  INFO 18276 --- [Foody] [Thread-11] com.zaxxer.hikari.HikariDataSource       : HikariPool-3 - Shutdown completed.
2025-04-30T15:02:29.644+05:30  INFO 18276 --- [Foody] [restartedMain] com.example.foody.FoodyApplication       : Starting FoodyApplication using Java 21.0.7 with PID 18276 (E:\reactprojects\Food-Recipes\foody\target\classes started by anushalakshmi.s in E:\reactprojects\Food-Recipes\foody)
2025-04-30T15:02:29.644+05:30  INFO 18276 --- [Foody] [restartedMain] com.example.foody.FoodyApplication       : No active profile set, falling back to 1 default profile: "default"
2025-04-30T15:02:29.765+05:30  INFO 18276 --- [Foody] [restartedMain] .s.d.r.c.RepositoryConfigurationDelegate : Bootstrapping Spring Data JPA repositories in DEFAULT mode.
2025-04-30T15:02:29.769+05:30  INFO 18276 --- [Foody] [restartedMain] .s.d.r.c.RepositoryConfigurationDelegate : Finished Spring Data repository scanning in 6 ms. Found 2 JPA repository interfaces.
2025-04-30T15:02:29.840+05:30  INFO 18276 --- [Foody] [restartedMain] o.s.b.w.embedded.tomcat.TomcatWebServer  : Tomcat initialized with port 8080 (http)
2025-04-30T15:02:29.840+05:30  INFO 18276 --- [Foody] [restartedMain] o.apache.catalina.core.StandardService   : Starting service [Tomcat]
2025-04-30T15:02:29.840+05:30  INFO 18276 --- [Foody] [restartedMain] o.apache.catalina.core.StandardEngine    : Starting Servlet engine: [Apache Tomcat/10.1.39]
2025-04-30T15:02:29.855+05:30  INFO 18276 --- [Foody] [restartedMain] o.a.c.c.C.[Tomcat].[localhost].[/]       : Initializing Spring embedded WebApplicationContext
2025-04-30T15:02:29.855+05:30  INFO 18276 --- [Foody] [restartedMain] w.s.c.ServletWebServerApplicationContext : Root WebApplicationContext: initialization completed in 211 ms
2025-04-30T15:02:29.885+05:30  INFO 18276 --- [Foody] [restartedMain] o.hibernate.jpa.internal.util.LogHelper  : HHH000204: Processing PersistenceUnitInfo [name: default]
2025-04-30T15:02:29.885+05:30  INFO 18276 --- [Foody] [restartedMain] o.h.c.internal.RegionFactoryInitiator    : HHH000026: Second-level cache disabled
2025-04-30T15:02:29.900+05:30  INFO 18276 --- [Foody] [restartedMain] o.s.o.j.p.SpringPersistenceUnitInfo      : No LoadTimeWeaver setup: ignoring JPA class transformer
2025-04-30T15:02:29.900+05:30  INFO 18276 --- [Foody] [restartedMain] com.zaxxer.hikari.HikariDataSource       : HikariPool-4 - Starting...
2025-04-30T15:02:29.911+05:30  INFO 18276 --- [Foody] [restartedMain] com.zaxxer.hikari.pool.HikariPool        : HikariPool-4 - Added connection com.mysql.cj.jdbc.ConnectionImpl@9cba09b
2025-04-30T15:02:29.911+05:30  INFO 18276 --- [Foody] [restartedMain] com.zaxxer.hikari.HikariDataSource       : HikariPool-4 - Start completed.
2025-04-30T15:02:29.911+05:30  WARN 18276 --- [Foody] [restartedMain] org.hibernate.orm.deprecation            : HHH90000025: MySQL8Dialect does not need to be specified explicitly using 'hibernate.dialect' (remove the property setting and it will be selected by default)
2025-04-30T15:02:29.911+05:30  WARN 18276 --- [Foody] [restartedMain] org.hibernate.orm.deprecation            : HHH90000026: MySQL8Dialect has been deprecated; use org.hibernate.dialect.MySQLDialect instead
2025-04-30T15:02:29.911+05:30  INFO 18276 --- [Foody] [restartedMain] org.hibernate.orm.connections.pooling    : HHH10001005: Database info:
	Database JDBC URL [Connecting through datasource 'HikariDataSource (HikariPool-4)']
	Database driver: undefined/unknown
	Database version: 8.0
	Autocommit mode: undefined/unknown
	Isolation level: undefined/unknown
	Minimum pool size: undefined/unknown
	Maximum pool size: undefined/unknown
2025-04-30T15:02:29.970+05:30  INFO 18276 --- [Foody] [restartedMain] o.h.e.t.j.p.i.JtaPlatformInitiator       : HHH000489: No JTA platform available (set 'hibernate.transaction.jta.platform' to enable JTA platform integration)
2025-04-30T15:02:30.003+05:30  INFO 18276 --- [Foody] [restartedMain] j.LocalContainerEntityManagerFactoryBean : Initialized JPA EntityManagerFactory for persistence unit 'default'
2025-04-30T15:02:30.081+05:30  WARN 18276 --- [Foody] [restartedMain] JpaBaseConfiguration$JpaWebConfiguration : spring.jpa.open-in-view is enabled by default. Therefore, database queries may be performed during view rendering. Explicitly configure spring.jpa.open-in-view to disable this warning
2025-04-30T15:02:30.254+05:30  INFO 18276 --- [Foody] [restartedMain] o.s.b.d.a.OptionalLiveReloadServer       : LiveReload server is running on port 35729
2025-04-30T15:02:30.267+05:30  INFO 18276 --- [Foody] [restartedMain] o.s.b.w.embedded.tomcat.TomcatWebServer  : Tomcat started on port 8080 (http) with context path '/'
2025-04-30T15:02:30.270+05:30  INFO 18276 --- [Foody] [restartedMain] com.example.foody.FoodyApplication       : Started FoodyApplication in 0.645 seconds (process running for 2856.6)
2025-04-30T15:02:30.271+05:30  INFO 18276 --- [Foody] [restartedMain] .ConditionEvaluationDeltaLoggingListener : Condition evaluation unchanged
